6/18/2023 10:03:02 AM Information:Previous log file path: 'C:\Users\Md. Naeem\AppData\Local\Trimble\Tekla Structures\2023.0\CatalogTreeFeature\2023.0.0.0\ComponentCatalog_Md. Naeem.log'
6/18/2023 10:03:02 AM Information:New log file path: 'C:\TeklaStructuresModels\FABRICATION DRAWING OF CHIMNEY STRUCTURE\logs\ComponentCatalog_Md. Naeem.log'
6/18/2023 10:03:03 AM Information:CatalogContentTranslator loading translation file: C:\Program Files\Tekla Structures\2023.0\bin\messages\DotAppsStrings\ComponentCatalogDefinitions.ail
6/18/2023 10:03:03 AM Information:CatalogContentTranslator loading translation file: C:\Program Files\Tekla Structures\2023.0\bin\plugins\messages\DSTVtoDXFConverter_ComponentCatalogDefinitions.ail
6/18/2023 10:03:03 AM Information:CatalogContentTranslator loading translation file: C:\ProgramData\Trimble\Tekla Structures\2023.0\\environments\common\extensions\applications\tekla\model\CompareObjects\CompareObjects_ComponentCatalogDefinitions.ail
6/18/2023 10:03:03 AM Information:CatalogContentTranslator loading translation file: C:\ProgramData\Trimble\Tekla Structures\2023.0\\environments\common\extensions\plugins\tekla\drawings\DrawingBreakLine\DrawingBreakLine_ComponentCatalogDefinitions.ail
6/18/2023 10:03:03 AM Information:CatalogContentTranslator loading translation file: C:\ProgramData\Trimble\Tekla Structures\2023.0\\environments\common\extensions\plugins\tekla\drawings\PlanLevelMark\PlanLevelMark_ComponentCatalogDefinitions.ail
6/18/2023 10:03:03 AM Information:CatalogContentTranslator loading translation file: C:\ProgramData\Trimble\Tekla Structures\2023.0\\environments\common\extensions\plugins\tekla\model\ConcreteTools\ConcreteTools_ComponentCatalogDefinitions.ail
6/18/2023 10:03:03 AM Information:CatalogContentTranslator loading translation file: C:\ProgramData\Trimble\Tekla Structures\2023.0\\environments\common\extensions\ReferenceModelScale\ReferenceModelScale_ComponentCatalogDefinitions.ail
6/18/2023 10:03:03 AM Warning:C:\ProgramData\Trimble\Tekla Structures\2023.0\\environments\common\extensions\applications\tekla\model\CompareObjects\CompareObjects_ComponentCatalogDefinitions.ail will no longer be read from this folder in the next Tekla Structures version,please move to extensions XS_MESSAGES_PATH, XS_PROJECT or XS_FIRM location
6/18/2023 10:03:03 AM Warning:C:\ProgramData\Trimble\Tekla Structures\2023.0\\environments\common\extensions\plugins\tekla\drawings\DrawingBreakLine\DrawingBreakLine_ComponentCatalogDefinitions.ail will no longer be read from this folder in the next Tekla Structures version,please move to extensions XS_MESSAGES_PATH, XS_PROJECT or XS_FIRM location
6/18/2023 10:03:03 AM Warning:C:\ProgramData\Trimble\Tekla Structures\2023.0\\environments\common\extensions\plugins\tekla\drawings\PlanLevelMark\PlanLevelMark_ComponentCatalogDefinitions.ail will no longer be read from this folder in the next Tekla Structures version,please move to extensions XS_MESSAGES_PATH, XS_PROJECT or XS_FIRM location
6/18/2023 10:03:03 AM Warning:C:\ProgramData\Trimble\Tekla Structures\2023.0\\environments\common\extensions\plugins\tekla\model\ConcreteTools\ConcreteTools_ComponentCatalogDefinitions.ail will no longer be read from this folder in the next Tekla Structures version,please move to extensions XS_MESSAGES_PATH, XS_PROJECT or XS_FIRM location
6/18/2023 10:03:03 AM Warning:C:\ProgramData\Trimble\Tekla Structures\2023.0\\environments\common\extensions\ReferenceModelScale\ReferenceModelScale_ComponentCatalogDefinitions.ail will no longer be read from this folder in the next Tekla Structures version,please move to extensions XS_MESSAGES_PATH, XS_PROJECT or XS_FIRM location
6/18/2023 10:03:03 AM Information:CatalogContentTranslator language set to enu
6/18/2023 10:03:03 AM Information:CatalogObjectTranslator loading translation file: C:\Program Files\Tekla Structures\2023.0\bin\messages\DotAppsStrings\CatalogManager.ail
6/18/2023 10:03:03 AM Information:CatalogObjectTranslator language set to enu
6/18/2023 10:25:32 AM Warning:The translation key below was read but no matching translation was found:
6/18/2023 10:25:32 AM Warning:albl_Multi_Converter_Description
6/18/2023 10:25:32 AM Warning:The translation key below was read but no matching translation was found:
6/18/2023 10:25:32 AM Warning:albl_Brick_Ledge_Tool_Description
6/18/2023 11:53:15 AM Information:Previous log file path: 'C:\TeklaStructuresModels\FABRICATION DRAWING OF CHIMNEY STRUCTURE\logs\ComponentCatalog_Md. Naeem.log'
6/18/2023 11:53:15 AM Information:New log file path: 'C:\TeklaStructuresModels\FABRICATION DRAWING OF CHIMNEY STRUCTURE\logs\ComponentCatalog_Md. Naeem.log'
6/18/2023 12:13:13 PM Information:Previous log file path: 'C:\TeklaStructuresModels\FABRICATION DRAWING OF CHIMNEY STRUCTURE\logs\ComponentCatalog_Md. Naeem.log'
6/18/2023 12:13:13 PM Information:New log file path: 'C:\TeklaStructuresModels\FABRICATION DRAWING OF CHIMNEY STRUCTURE\logs\ComponentCatalog_Md. Naeem.log'
6/18/2023 12:43:50 PM Information:Previous log file path: 'C:\TeklaStructuresModels\FABRICATION DRAWING OF CHIMNEY STRUCTURE\logs\ComponentCatalog_Md. Naeem.log'
6/18/2023 12:43:50 PM Information:New log file path: 'C:\TeklaStructuresModels\FABRICATION DRAWING OF CHIMNEY STRUCTURE\logs\ComponentCatalog_Md. Naeem.log'
6/18/2023 12:48:17 PM Information:Previous log file path: 'C:\TeklaStructuresModels\FABRICATION DRAWING OF CHIMNEY STRUCTURE\logs\ComponentCatalog_Md. Naeem.log'
6/18/2023 12:48:17 PM Information:New log file path: 'C:\TeklaStructuresModels\FABRICATION DRAWING OF CHIMNEY STRUCTURE\logs\ComponentCatalog_Md. Naeem.log'
6/18/2023 12:48:54 PM Information:Previous log file path: 'C:\TeklaStructuresModels\FABRICATION DRAWING OF CHIMNEY STRUCTURE\logs\ComponentCatalog_Md. Naeem.log'
6/18/2023 12:48:54 PM Information:New log file path: 'C:\TeklaStructuresModels\FABRICATION DRAWING OF CHIMNEY STRUCTURE\logs\ComponentCatalog_Md. Naeem.log'
6/18/2023 1:07:11 PM Information:Previous log file path: 'C:\TeklaStructuresModels\FABRICATION DRAWING OF CHIMNEY STRUCTURE\logs\ComponentCatalog_Md. Naeem.log'
6/18/2023 1:07:11 PM Information:New log file path: 'C:\TeklaStructuresModels\FABRICATION DRAWING OF CHIMNEY STRUCTURE\logs\ComponentCatalog_Md. Naeem.log'
6/18/2023 2:08:58 PM Information:Previous log file path: 'C:\TeklaStructuresModels\FABRICATION DRAWING OF CHIMNEY STRUCTURE\logs\ComponentCatalog_Md. Naeem.log'
6/18/2023 2:08:58 PM Information:New log file path: 'C:\TeklaStructuresModels\FABRICATION DRAWING OF CHIMNEY STRUCTURE\logs\ComponentCatalog_Md. Naeem.log'
6/18/2023 3:29:44 PM Information:Previous log file path: 'C:\TeklaStructuresModels\FABRICATION DRAWING OF CHIMNEY STRUCTURE\logs\ComponentCatalog_Md. Naeem.log'
6/18/2023 3:29:44 PM Information:New log file path: 'C:\TeklaStructuresModels\FABRICATION DRAWING OF CHIMNEY STRUCTURE\logs\ComponentCatalog_Md. Naeem.log'
6/18/2023 3:31:57 PM Information:Previous log file path: 'C:\TeklaStructuresModels\FABRICATION DRAWING OF CHIMNEY STRUCTURE\logs\ComponentCatalog_Md. Naeem.log'
6/18/2023 3:31:57 PM Information:New log file path: 'C:\TeklaStructuresModels\FABRICATION DRAWING OF CHIMNEY STRUCTURE\logs\ComponentCatalog_Md. Naeem.log'
6/18/2023 3:32:28 PM Information:Previous log file path: 'C:\TeklaStructuresModels\FABRICATION DRAWING OF CHIMNEY STRUCTURE\logs\ComponentCatalog_Md. Naeem.log'
6/18/2023 3:32:28 PM Information:New log file path: 'C:\TeklaStructuresModels\FABRICATION DRAWING OF CHIMNEY STRUCTURE\logs\ComponentCatalog_Md. Naeem.log'
6/19/2023 11:43:19 AM Information:Previous log file path: 'C:\TeklaStructuresModels\FABRICATION DRAWING OF CHIMNEY STRUCTURE\logs\ComponentCatalog_Md. Naeem.log'
6/19/2023 11:43:19 AM Information:New log file path: 'C:\TeklaStructuresModels\FABRICATION DRAWING OF CHIMNEY STRUCTURE\logs\ComponentCatalog_Md. Naeem.log'
6/20/2023 9:57:57 AM Information:Previous log file path: 'C:\Users\Md. Naeem\AppData\Local\Trimble\Tekla Structures\2023.0\CatalogTreeFeature\2023.0.0.0\ComponentCatalog_Md. Naeem.log'
6/20/2023 9:57:57 AM Information:New log file path: 'C:\TeklaStructuresModels\FABRICATION DRAWING OF CHIMNEY STRUCTURE\logs\ComponentCatalog_Md. Naeem.log'
6/20/2023 9:57:57 AM Information:CatalogContentTranslator loading translation file: C:\Program Files\Tekla Structures\2023.0\bin\messages\DotAppsStrings\ComponentCatalogDefinitions.ail
6/20/2023 9:57:57 AM Information:CatalogContentTranslator loading translation file: C:\Program Files\Tekla Structures\2023.0\bin\plugins\messages\DSTVtoDXFConverter_ComponentCatalogDefinitions.ail
6/20/2023 9:57:57 AM Information:CatalogContentTranslator loading translation file: C:\ProgramData\Trimble\Tekla Structures\2023.0\\environments\common\extensions\applications\tekla\model\CompareObjects\CompareObjects_ComponentCatalogDefinitions.ail
6/20/2023 9:57:57 AM Information:CatalogContentTranslator loading translation file: C:\ProgramData\Trimble\Tekla Structures\2023.0\\environments\common\extensions\plugins\tekla\drawings\DrawingBreakLine\DrawingBreakLine_ComponentCatalogDefinitions.ail
6/20/2023 9:57:57 AM Information:CatalogContentTranslator loading translation file: C:\ProgramData\Trimble\Tekla Structures\2023.0\\environments\common\extensions\plugins\tekla\drawings\PlanLevelMark\PlanLevelMark_ComponentCatalogDefinitions.ail
6/20/2023 9:57:57 AM Information:CatalogContentTranslator loading translation file: C:\ProgramData\Trimble\Tekla Structures\2023.0\\environments\common\extensions\plugins\tekla\model\ConcreteTools\ConcreteTools_ComponentCatalogDefinitions.ail
6/20/2023 9:57:57 AM Information:CatalogContentTranslator loading translation file: C:\ProgramData\Trimble\Tekla Structures\2023.0\\environments\common\extensions\ReferenceModelScale\ReferenceModelScale_ComponentCatalogDefinitions.ail
6/20/2023 9:57:57 AM Warning:C:\ProgramData\Trimble\Tekla Structures\2023.0\\environments\common\extensions\applications\tekla\model\CompareObjects\CompareObjects_ComponentCatalogDefinitions.ail will no longer be read from this folder in the next Tekla Structures version,please move to extensions XS_MESSAGES_PATH, XS_PROJECT or XS_FIRM location
6/20/2023 9:57:57 AM Warning:C:\ProgramData\Trimble\Tekla Structures\2023.0\\environments\common\extensions\plugins\tekla\drawings\DrawingBreakLine\DrawingBreakLine_ComponentCatalogDefinitions.ail will no longer be read from this folder in the next Tekla Structures version,please move to extensions XS_MESSAGES_PATH, XS_PROJECT or XS_FIRM location
6/20/2023 9:57:57 AM Warning:C:\ProgramData\Trimble\Tekla Structures\2023.0\\environments\common\extensions\plugins\tekla\drawings\PlanLevelMark\PlanLevelMark_ComponentCatalogDefinitions.ail will no longer be read from this folder in the next Tekla Structures version,please move to extensions XS_MESSAGES_PATH, XS_PROJECT or XS_FIRM location
6/20/2023 9:57:57 AM Warning:C:\ProgramData\Trimble\Tekla Structures\2023.0\\environments\common\extensions\plugins\tekla\model\ConcreteTools\ConcreteTools_ComponentCatalogDefinitions.ail will no longer be read from this folder in the next Tekla Structures version,please move to extensions XS_MESSAGES_PATH, XS_PROJECT or XS_FIRM location
6/20/2023 9:57:57 AM Warning:C:\ProgramData\Trimble\Tekla Structures\2023.0\\environments\common\extensions\ReferenceModelScale\ReferenceModelScale_ComponentCatalogDefinitions.ail will no longer be read from this folder in the next Tekla Structures version,please move to extensions XS_MESSAGES_PATH, XS_PROJECT or XS_FIRM location
6/20/2023 9:57:57 AM Information:CatalogContentTranslator language set to enu
6/20/2023 9:57:57 AM Information:CatalogObjectTranslator loading translation file: C:\Program Files\Tekla Structures\2023.0\bin\messages\DotAppsStrings\CatalogManager.ail
6/20/2023 9:57:57 AM Information:CatalogObjectTranslator language set to enu
6/20/2023 10:02:21 AM Warning:The translation key below was read but no matching translation was found:
6/20/2023 10:02:21 AM Warning:albl_Multi_Converter_Description
6/20/2023 10:02:21 AM Warning:The translation key below was read but no matching translation was found:
6/20/2023 10:02:21 AM Warning:albl_Brick_Ledge_Tool_Description
6/21/2023 4:02:59 PM Information:Previous log file path: 'C:\TeklaStructuresModels\FABRICATION DRAWING OF CHIMNEY STRUCTURE\logs\ComponentCatalog_Md. Naeem.log'
6/21/2023 4:02:59 PM Information:New log file path: 'C:\TeklaStructuresModels\FABRICATION DRAWING OF CHIMNEY STRUCTURE\logs\ComponentCatalog_Md. Naeem.log'
6/21/2023 4:55:50 PM Information:Previous log file path: 'C:\TeklaStructuresModels\FABRICATION DRAWING OF CHIMNEY STRUCTURE\logs\ComponentCatalog_Md. Naeem.log'
6/21/2023 4:55:50 PM Information:New log file path: 'C:\TeklaStructuresModels\FABRICATION DRAWING OF CHIMNEY STRUCTURE\logs\ComponentCatalog_Md. Naeem.log'
6/21/2023 4:56:55 PM Information:Previous log file path: 'C:\TeklaStructuresModels\FABRICATION DRAWING OF CHIMNEY STRUCTURE\logs\ComponentCatalog_Md. Naeem.log'
6/21/2023 4:56:55 PM Information:New log file path: 'C:\TeklaStructuresModels\FABRICATION DRAWING OF CHIMNEY STRUCTURE\logs\ComponentCatalog_Md. Naeem.log'
6/21/2023 5:17:17 PM Information:Previous log file path: 'C:\TeklaStructuresModels\FABRICATION DRAWING OF CHIMNEY STRUCTURE\logs\ComponentCatalog_Md. Naeem.log'
6/21/2023 5:17:17 PM Information:New log file path: 'C:\TeklaStructuresModels\FABRICATION DRAWING OF CHIMNEY STRUCTURE\logs\ComponentCatalog_Md. Naeem.log'
6/24/2023 9:47:03 AM Information:Previous log file path: 'C:\Users\Md. Naeem\AppData\Local\Trimble\Tekla Structures\2023.0\CatalogTreeFeature\2023.0.0.0\ComponentCatalog_Md. Naeem.log'
6/24/2023 9:47:03 AM Information:New log file path: 'C:\TeklaStructuresModels\FABRICATION DRAWING OF CHIMNEY STRUCTURE\logs\ComponentCatalog_Md. Naeem.log'
6/24/2023 9:47:04 AM Information:CatalogContentTranslator loading translation file: C:\Program Files\Tekla Structures\2023.0\bin\messages\DotAppsStrings\ComponentCatalogDefinitions.ail
6/24/2023 9:47:04 AM Information:CatalogContentTranslator loading translation file: C:\Program Files\Tekla Structures\2023.0\bin\plugins\messages\DSTVtoDXFConverter_ComponentCatalogDefinitions.ail
6/24/2023 9:47:04 AM Information:CatalogContentTranslator loading translation file: C:\ProgramData\Trimble\Tekla Structures\2023.0\\environments\common\extensions\applications\tekla\model\CompareObjects\CompareObjects_ComponentCatalogDefinitions.ail
6/24/2023 9:47:04 AM Information:CatalogContentTranslator loading translation file: C:\ProgramData\Trimble\Tekla Structures\2023.0\\environments\common\extensions\plugins\tekla\drawings\DrawingBreakLine\DrawingBreakLine_ComponentCatalogDefinitions.ail
6/24/2023 9:47:04 AM Information:CatalogContentTranslator loading translation file: C:\ProgramData\Trimble\Tekla Structures\2023.0\\environments\common\extensions\plugins\tekla\drawings\PlanLevelMark\PlanLevelMark_ComponentCatalogDefinitions.ail
6/24/2023 9:47:04 AM Information:CatalogContentTranslator loading translation file: C:\ProgramData\Trimble\Tekla Structures\2023.0\\environments\common\extensions\plugins\tekla\model\ConcreteTools\ConcreteTools_ComponentCatalogDefinitions.ail
6/24/2023 9:47:04 AM Information:CatalogContentTranslator loading translation file: C:\ProgramData\Trimble\Tekla Structures\2023.0\\environments\common\extensions\ReferenceModelScale\ReferenceModelScale_ComponentCatalogDefinitions.ail
6/24/2023 9:47:04 AM Warning:C:\ProgramData\Trimble\Tekla Structures\2023.0\\environments\common\extensions\applications\tekla\model\CompareObjects\CompareObjects_ComponentCatalogDefinitions.ail will no longer be read from this folder in the next Tekla Structures version,please move to extensions XS_MESSAGES_PATH, XS_PROJECT or XS_FIRM location
6/24/2023 9:47:04 AM Warning:C:\ProgramData\Trimble\Tekla Structures\2023.0\\environments\common\extensions\plugins\tekla\drawings\DrawingBreakLine\DrawingBreakLine_ComponentCatalogDefinitions.ail will no longer be read from this folder in the next Tekla Structures version,please move to extensions XS_MESSAGES_PATH, XS_PROJECT or XS_FIRM location
6/24/2023 9:47:04 AM Warning:C:\ProgramData\Trimble\Tekla Structures\2023.0\\environments\common\extensions\plugins\tekla\drawings\PlanLevelMark\PlanLevelMark_ComponentCatalogDefinitions.ail will no longer be read from this folder in the next Tekla Structures version,please move to extensions XS_MESSAGES_PATH, XS_PROJECT or XS_FIRM location
6/24/2023 9:47:04 AM Warning:C:\ProgramData\Trimble\Tekla Structures\2023.0\\environments\common\extensions\plugins\tekla\model\ConcreteTools\ConcreteTools_ComponentCatalogDefinitions.ail will no longer be read from this folder in the next Tekla Structures version,please move to extensions XS_MESSAGES_PATH, XS_PROJECT or XS_FIRM location
6/24/2023 9:47:04 AM Warning:C:\ProgramData\Trimble\Tekla Structures\2023.0\\environments\common\extensions\ReferenceModelScale\ReferenceModelScale_ComponentCatalogDefinitions.ail will no longer be read from this folder in the next Tekla Structures version,please move to extensions XS_MESSAGES_PATH, XS_PROJECT or XS_FIRM location
6/24/2023 9:47:04 AM Information:CatalogContentTranslator language set to enu
6/24/2023 9:47:04 AM Information:CatalogObjectTranslator loading translation file: C:\Program Files\Tekla Structures\2023.0\bin\messages\DotAppsStrings\CatalogManager.ail
6/24/2023 9:47:04 AM Information:CatalogObjectTranslator language set to enu
6/24/2023 9:47:11 AM Information:Previous log file path: 'C:\TeklaStructuresModels\FABRICATION DRAWING OF CHIMNEY STRUCTURE\logs\ComponentCatalog_Md. Naeem.log'
6/24/2023 9:47:11 AM Information:New log file path: 'C:\TeklaStructuresModels\FABRICATION DRAWING OF CHIMNEY STRUCTURE\logs\ComponentCatalog_Md. Naeem.log'
6/24/2023 10:15:46 AM Warning:The translation key below was read but no matching translation was found:
6/24/2023 10:15:46 AM Warning:albl_Multi_Converter_Description
6/24/2023 10:15:46 AM Warning:The translation key below was read but no matching translation was found:
6/24/2023 10:15:46 AM Warning:albl_Brick_Ledge_Tool_Description
6/24/2023 10:19:39 AM Information:Previous log file path: 'C:\TeklaStructuresModels\FABRICATION DRAWING OF CHIMNEY STRUCTURE\logs\ComponentCatalog_Md. Naeem.log'
6/24/2023 10:19:39 AM Information:New log file path: 'C:\TeklaStructuresModels\FABRICATION DRAWING OF CHIMNEY STRUCTURE\logs\ComponentCatalog_Md. Naeem.log'
6/24/2023 10:28:17 AM Information:Previous log file path: 'C:\TeklaStructuresModels\FABRICATION DRAWING OF CHIMNEY STRUCTURE\logs\ComponentCatalog_Md. Naeem.log'
6/24/2023 10:28:17 AM Information:New log file path: 'C:\TeklaStructuresModels\FABRICATION DRAWING OF CHIMNEY STRUCTURE\logs\ComponentCatalog_Md. Naeem.log'
6/24/2023 10:29:48 AM Information:Previous log file path: 'C:\TeklaStructuresModels\FABRICATION DRAWING OF CHIMNEY STRUCTURE\logs\ComponentCatalog_Md. Naeem.log'
6/24/2023 10:29:48 AM Information:New log file path: 'C:\TeklaStructuresModels\FABRICATION DRAWING OF CHIMNEY STRUCTURE\logs\ComponentCatalog_Md. Naeem.log'
6/24/2023 10:30:47 AM Information:Previous log file path: 'C:\TeklaStructuresModels\FABRICATION DRAWING OF CHIMNEY STRUCTURE\logs\ComponentCatalog_Md. Naeem.log'
6/24/2023 10:30:47 AM Information:New log file path: 'C:\TeklaStructuresModels\FABRICATION DRAWING OF CHIMNEY STRUCTURE\logs\ComponentCatalog_Md. Naeem.log'
6/24/2023 10:31:34 AM Information:Previous log file path: 'C:\TeklaStructuresModels\FABRICATION DRAWING OF CHIMNEY STRUCTURE\logs\ComponentCatalog_Md. Naeem.log'
6/24/2023 10:31:34 AM Information:New log file path: 'C:\TeklaStructuresModels\FABRICATION DRAWING OF CHIMNEY STRUCTURE\logs\ComponentCatalog_Md. Naeem.log'
6/24/2023 10:32:34 AM Information:Previous log file path: 'C:\TeklaStructuresModels\FABRICATION DRAWING OF CHIMNEY STRUCTURE\logs\ComponentCatalog_Md. Naeem.log'
6/24/2023 10:32:34 AM Information:New log file path: 'C:\TeklaStructuresModels\FABRICATION DRAWING OF CHIMNEY STRUCTURE\logs\ComponentCatalog_Md. Naeem.log'
6/24/2023 10:33:19 AM Information:Previous log file path: 'C:\TeklaStructuresModels\FABRICATION DRAWING OF CHIMNEY STRUCTURE\logs\ComponentCatalog_Md. Naeem.log'
6/24/2023 10:33:19 AM Information:New log file path: 'C:\TeklaStructuresModels\FABRICATION DRAWING OF CHIMNEY STRUCTURE\logs\ComponentCatalog_Md. Naeem.log'
6/24/2023 10:41:55 AM Information:Previous log file path: 'C:\TeklaStructuresModels\FABRICATION DRAWING OF CHIMNEY STRUCTURE\logs\ComponentCatalog_Md. Naeem.log'
6/24/2023 10:41:55 AM Information:New log file path: 'C:\TeklaStructuresModels\FABRICATION DRAWING OF CHIMNEY STRUCTURE\logs\ComponentCatalog_Md. Naeem.log'
6/24/2023 10:44:41 AM Information:Previous log file path: 'C:\TeklaStructuresModels\FABRICATION DRAWING OF CHIMNEY STRUCTURE\logs\ComponentCatalog_Md. Naeem.log'
6/24/2023 10:44:41 AM Information:New log file path: 'C:\TeklaStructuresModels\FABRICATION DRAWING OF CHIMNEY STRUCTURE\logs\ComponentCatalog_Md. Naeem.log'
6/24/2023 10:45:04 AM Information:Previous log file path: 'C:\TeklaStructuresModels\FABRICATION DRAWING OF CHIMNEY STRUCTURE\logs\ComponentCatalog_Md. Naeem.log'
6/24/2023 10:45:04 AM Information:New log file path: 'C:\TeklaStructuresModels\FABRICATION DRAWING OF CHIMNEY STRUCTURE\logs\ComponentCatalog_Md. Naeem.log'
6/24/2023 10:52:26 AM Information:Previous log file path: 'C:\TeklaStructuresModels\FABRICATION DRAWING OF CHIMNEY STRUCTURE\logs\ComponentCatalog_Md. Naeem.log'
6/24/2023 10:52:26 AM Information:New log file path: 'C:\TeklaStructuresModels\FABRICATION DRAWING OF CHIMNEY STRUCTURE\logs\ComponentCatalog_Md. Naeem.log'
6/24/2023 10:53:29 AM Information:Previous log file path: 'C:\TeklaStructuresModels\FABRICATION DRAWING OF CHIMNEY STRUCTURE\logs\ComponentCatalog_Md. Naeem.log'
6/24/2023 10:53:29 AM Information:New log file path: 'C:\TeklaStructuresModels\FABRICATION DRAWING OF CHIMNEY STRUCTURE\logs\ComponentCatalog_Md. Naeem.log'
6/24/2023 10:55:14 AM Information:Previous log file path: 'C:\TeklaStructuresModels\FABRICATION DRAWING OF CHIMNEY STRUCTURE\logs\ComponentCatalog_Md. Naeem.log'
6/24/2023 10:55:14 AM Information:New log file path: 'C:\TeklaStructuresModels\FABRICATION DRAWING OF CHIMNEY STRUCTURE\logs\ComponentCatalog_Md. Naeem.log'
6/24/2023 10:59:40 AM Information:Previous log file path: 'C:\TeklaStructuresModels\FABRICATION DRAWING OF CHIMNEY STRUCTURE\logs\ComponentCatalog_Md. Naeem.log'
6/24/2023 10:59:40 AM Information:New log file path: 'C:\TeklaStructuresModels\FABRICATION DRAWING OF CHIMNEY STRUCTURE\logs\ComponentCatalog_Md. Naeem.log'
6/24/2023 11:01:27 AM Information:Previous log file path: 'C:\TeklaStructuresModels\FABRICATION DRAWING OF CHIMNEY STRUCTURE\logs\ComponentCatalog_Md. Naeem.log'
6/24/2023 11:01:27 AM Information:New log file path: 'C:\TeklaStructuresModels\FABRICATION DRAWING OF CHIMNEY STRUCTURE\logs\ComponentCatalog_Md. Naeem.log'
6/24/2023 11:04:00 AM Information:Previous log file path: 'C:\TeklaStructuresModels\FABRICATION DRAWING OF CHIMNEY STRUCTURE\logs\ComponentCatalog_Md. Naeem.log'
6/24/2023 11:04:00 AM Information:New log file path: 'C:\TeklaStructuresModels\FABRICATION DRAWING OF CHIMNEY STRUCTURE\logs\ComponentCatalog_Md. Naeem.log'
6/24/2023 11:05:53 AM Information:Previous log file path: 'C:\TeklaStructuresModels\FABRICATION DRAWING OF CHIMNEY STRUCTURE\logs\ComponentCatalog_Md. Naeem.log'
6/24/2023 11:05:53 AM Information:New log file path: 'C:\TeklaStructuresModels\FABRICATION DRAWING OF CHIMNEY STRUCTURE\logs\ComponentCatalog_Md. Naeem.log'
6/24/2023 11:08:28 AM Information:Previous log file path: 'C:\TeklaStructuresModels\FABRICATION DRAWING OF CHIMNEY STRUCTURE\logs\ComponentCatalog_Md. Naeem.log'
6/24/2023 11:08:28 AM Information:New log file path: 'C:\TeklaStructuresModels\FABRICATION DRAWING OF CHIMNEY STRUCTURE\logs\ComponentCatalog_Md. Naeem.log'
6/24/2023 11:10:04 AM Information:Previous log file path: 'C:\TeklaStructuresModels\FABRICATION DRAWING OF CHIMNEY STRUCTURE\logs\ComponentCatalog_Md. Naeem.log'
6/24/2023 11:10:04 AM Information:New log file path: 'C:\TeklaStructuresModels\FABRICATION DRAWING OF CHIMNEY STRUCTURE\logs\ComponentCatalog_Md. Naeem.log'
6/24/2023 11:28:45 AM Information:Previous log file path: 'C:\TeklaStructuresModels\FABRICATION DRAWING OF CHIMNEY STRUCTURE\logs\ComponentCatalog_Md. Naeem.log'
6/24/2023 11:28:45 AM Information:New log file path: 'C:\TeklaStructuresModels\FABRICATION DRAWING OF CHIMNEY STRUCTURE\logs\ComponentCatalog_Md. Naeem.log'
6/24/2023 11:30:39 AM Information:Previous log file path: 'C:\TeklaStructuresModels\FABRICATION DRAWING OF CHIMNEY STRUCTURE\logs\ComponentCatalog_Md. Naeem.log'
6/24/2023 11:30:39 AM Information:New log file path: 'C:\TeklaStructuresModels\FABRICATION DRAWING OF CHIMNEY STRUCTURE\logs\ComponentCatalog_Md. Naeem.log'
6/24/2023 12:17:48 PM Information:Previous log file path: 'C:\TeklaStructuresModels\FABRICATION DRAWING OF CHIMNEY STRUCTURE\logs\ComponentCatalog_Md. Naeem.log'
6/24/2023 12:17:48 PM Information:New log file path: 'C:\TeklaStructuresModels\FABRICATION DRAWING OF CHIMNEY STRUCTURE\logs\ComponentCatalog_Md. Naeem.log'
6/24/2023 12:17:49 PM Information:Previous log file path: 'C:\TeklaStructuresModels\FABRICATION DRAWING OF CHIMNEY STRUCTURE\logs\ComponentCatalog_Md. Naeem.log'
6/24/2023 12:17:49 PM Information:New log file path: 'C:\TeklaStructuresModels\FABRICATION DRAWING OF CHIMNEY STRUCTURE\logs\ComponentCatalog_Md. Naeem.log'
6/24/2023 7:20:11 PM Information:Previous log file path: 'C:\TeklaStructuresModels\FABRICATION DRAWING OF CHIMNEY STRUCTURE\logs\ComponentCatalog_Md. Naeem.log'
6/24/2023 7:20:11 PM Information:New log file path: 'C:\TeklaStructuresModels\FABRICATION DRAWING OF CHIMNEY STRUCTURE\logs\ComponentCatalog_Md. Naeem.log'
6/24/2023 7:24:57 PM Information:Previous log file path: 'C:\TeklaStructuresModels\FABRICATION DRAWING OF CHIMNEY STRUCTURE\logs\ComponentCatalog_Md. Naeem.log'
6/24/2023 7:24:57 PM Information:New log file path: 'C:\TeklaStructuresModels\FABRICATION DRAWING OF CHIMNEY STRUCTURE\logs\ComponentCatalog_Md. Naeem.log'
6/24/2023 10:45:39 PM Information:Previous log file path: 'C:\Users\Md. Naeem\AppData\Local\Trimble\Tekla Structures\2023.0\CatalogTreeFeature\2023.0.0.0\ComponentCatalog_Md. Naeem.log'
6/24/2023 10:45:39 PM Information:New log file path: 'C:\TeklaStructuresModels\FABRICATION DRAWING OF CHIMNEY STRUCTURE\logs\ComponentCatalog_Md. Naeem.log'
6/24/2023 10:45:40 PM Information:CatalogContentTranslator loading translation file: C:\Program Files\Tekla Structures\2023.0\bin\messages\DotAppsStrings\ComponentCatalogDefinitions.ail
6/24/2023 10:45:40 PM Information:CatalogContentTranslator loading translation file: C:\Program Files\Tekla Structures\2023.0\bin\plugins\messages\DSTVtoDXFConverter_ComponentCatalogDefinitions.ail
6/24/2023 10:45:40 PM Information:CatalogContentTranslator loading translation file: C:\ProgramData\Trimble\Tekla Structures\2023.0\\environments\common\extensions\applications\tekla\model\CompareObjects\CompareObjects_ComponentCatalogDefinitions.ail
6/24/2023 10:45:40 PM Information:CatalogContentTranslator loading translation file: C:\ProgramData\Trimble\Tekla Structures\2023.0\\environments\common\extensions\plugins\tekla\drawings\DrawingBreakLine\DrawingBreakLine_ComponentCatalogDefinitions.ail
6/24/2023 10:45:40 PM Information:CatalogContentTranslator loading translation file: C:\ProgramData\Trimble\Tekla Structures\2023.0\\environments\common\extensions\plugins\tekla\drawings\PlanLevelMark\PlanLevelMark_ComponentCatalogDefinitions.ail
6/24/2023 10:45:40 PM Information:CatalogContentTranslator loading translation file: C:\ProgramData\Trimble\Tekla Structures\2023.0\\environments\common\extensions\plugins\tekla\model\ConcreteTools\ConcreteTools_ComponentCatalogDefinitions.ail
6/24/2023 10:45:40 PM Information:CatalogContentTranslator loading translation file: C:\ProgramData\Trimble\Tekla Structures\2023.0\\environments\common\extensions\ReferenceModelScale\ReferenceModelScale_ComponentCatalogDefinitions.ail
6/24/2023 10:45:40 PM Warning:C:\ProgramData\Trimble\Tekla Structures\2023.0\\environments\common\extensions\applications\tekla\model\CompareObjects\CompareObjects_ComponentCatalogDefinitions.ail will no longer be read from this folder in the next Tekla Structures version,please move to extensions XS_MESSAGES_PATH, XS_PROJECT or XS_FIRM location
6/24/2023 10:45:40 PM Warning:C:\ProgramData\Trimble\Tekla Structures\2023.0\\environments\common\extensions\plugins\tekla\drawings\DrawingBreakLine\DrawingBreakLine_ComponentCatalogDefinitions.ail will no longer be read from this folder in the next Tekla Structures version,please move to extensions XS_MESSAGES_PATH, XS_PROJECT or XS_FIRM location
6/24/2023 10:45:40 PM Warning:C:\ProgramData\Trimble\Tekla Structures\2023.0\\environments\common\extensions\plugins\tekla\drawings\PlanLevelMark\PlanLevelMark_ComponentCatalogDefinitions.ail will no longer be read from this folder in the next Tekla Structures version,please move to extensions XS_MESSAGES_PATH, XS_PROJECT or XS_FIRM location
6/24/2023 10:45:40 PM Warning:C:\ProgramData\Trimble\Tekla Structures\2023.0\\environments\common\extensions\plugins\tekla\model\ConcreteTools\ConcreteTools_ComponentCatalogDefinitions.ail will no longer be read from this folder in the next Tekla Structures version,please move to extensions XS_MESSAGES_PATH, XS_PROJECT or XS_FIRM location
6/24/2023 10:45:40 PM Warning:C:\ProgramData\Trimble\Tekla Structures\2023.0\\environments\common\extensions\ReferenceModelScale\ReferenceModelScale_ComponentCatalogDefinitions.ail will no longer be read from this folder in the next Tekla Structures version,please move to extensions XS_MESSAGES_PATH, XS_PROJECT or XS_FIRM location
6/24/2023 10:45:40 PM Information:CatalogContentTranslator language set to enu
6/24/2023 10:45:40 PM Information:CatalogObjectTranslator loading translation file: C:\Program Files\Tekla Structures\2023.0\bin\messages\DotAppsStrings\CatalogManager.ail
6/24/2023 10:45:40 PM Information:CatalogObjectTranslator language set to enu
6/24/2023 10:45:47 PM Information:Previous log file path: 'C:\TeklaStructuresModels\FABRICATION DRAWING OF CHIMNEY STRUCTURE\logs\ComponentCatalog_Md. Naeem.log'
6/24/2023 10:45:47 PM Information:New log file path: 'C:\TeklaStructuresModels\FABRICATION DRAWING OF CHIMNEY STRUCTURE\logs\ComponentCatalog_Md. Naeem.log'
