6/18/2023 11:53:52 AM:Save:Saving Settings to: C:\TeklaStructuresModels\FABRICATION DRAWING OF CHIMNEY STRUCTURE\attributes\Md. Naeem_PdfPrintOptions.xml
6/18/2023 12:13:54 PM:Save:Saving Settings to: C:\TeklaStructuresModels\FABRICATION DRAWING OF CHIMNEY STRUCTURE\attributes\Md. Naeem_PdfPrintOptions.xml
6/18/2023 12:44:16 PM:Save:Saving Settings to: C:\TeklaStructuresModels\FABRICATION DRAWING OF CHIMNEY STRUCTURE\attributes\Md. Naeem_PdfPrintOptions.xml
6/18/2023 1:08:03 PM:Save:Saving Settings to: C:\TeklaStructuresModels\FABRICATION DRAWING OF CHIMNEY STRUCTURE\attributes\Md. Naeem_PdfPrintOptions.xml
6/18/2023 1:23:32 PM:Save:Saving Settings to: C:\TeklaStructuresModels\FABRICATION DRAWING OF CHIMNEY STRUCTURE\attributes\Md. Naeem_PdfPrintOptions.xml
6/18/2023 2:09:27 PM:Save:Saving Settings to: C:\TeklaStructuresModels\FABRICATION DRAWING OF CHIMNEY STRUCTURE\attributes\Md. Naeem_PdfPrintOptions.xml
6/18/2023 3:25:39 PM:Save:Saving Settings to: C:\TeklaStructuresModels\FABRICATION DRAWING OF CHIMNEY STRUCTURE\attributes\Md. Naeem_PdfPrintOptions.xml
6/18/2023 3:34:45 PM:Save:Saving Settings to: C:\TeklaStructuresModels\FABRICATION DRAWING OF CHIMNEY STRUCTURE\attributes\Md. Naeem_PdfPrintOptions.xml
6/18/2023 4:36:06 PM:Save:Saving Settings to: C:\TeklaStructuresModels\FABRICATION DRAWING OF CHIMNEY STRUCTURE\attributes\Md. Naeem_PdfPrintOptions.xml
6/18/2023 4:58:39 PM:Save:Saving Settings to: C:\TeklaStructuresModels\FABRICATION DRAWING OF CHIMNEY STRUCTURE\attributes\Md. Naeem_PdfPrintOptions.xml
6/18/2023 5:01:51 PM:Save:Saving Settings to: C:\TeklaStructuresModels\FABRICATION DRAWING OF CHIMNEY STRUCTURE\attributes\Md. Naeem_PdfPrintOptions.xml
6/18/2023 5:09:03 PM:Save:Saving Settings to: C:\TeklaStructuresModels\FABRICATION DRAWING OF CHIMNEY STRUCTURE\attributes\Md. Naeem_PdfPrintOptions.xml
6/18/2023 5:23:53 PM:Save:Saving Settings to: C:\TeklaStructuresModels\FABRICATION DRAWING OF CHIMNEY STRUCTURE\attributes\Md. Naeem_PdfPrintOptions.xml
6/18/2023 5:24:06 PM:Save:Saving Settings to: C:\TeklaStructuresModels\FABRICATION DRAWING OF CHIMNEY STRUCTURE\attributes\Md. Naeem_PdfPrintOptions.xml
6/18/2023 5:32:34 PM:Save:Saving Settings to: C:\TeklaStructuresModels\FABRICATION DRAWING OF CHIMNEY STRUCTURE\attributes\Md. Naeem_PdfPrintOptions.xml
6/18/2023 5:45:14 PM:Save:Saving Settings to: C:\TeklaStructuresModels\FABRICATION DRAWING OF CHIMNEY STRUCTURE\attributes\Md. Naeem_PdfPrintOptions.xml
6/18/2023 5:48:13 PM:Save:Saving Settings to: C:\TeklaStructuresModels\FABRICATION DRAWING OF CHIMNEY STRUCTURE\attributes\Md. Naeem_PdfPrintOptions.xml
6/19/2023 9:37:46 AM:Save:Saving Settings to: C:\TeklaStructuresModels\FABRICATION DRAWING OF CHIMNEY STRUCTURE\attributes\Md. Naeem_PdfPrintOptions.xml
6/19/2023 10:22:32 AM:Save:Saving Settings to: C:\TeklaStructuresModels\FABRICATION DRAWING OF CHIMNEY STRUCTURE\attributes\Md. Naeem_PdfPrintOptions.xml
6/19/2023 10:41:07 AM:Save:Saving Settings to: C:\TeklaStructuresModels\FABRICATION DRAWING OF CHIMNEY STRUCTURE\attributes\Md. Naeem_PdfPrintOptions.xml
6/19/2023 10:43:18 AM:Save:Saving Settings to: C:\TeklaStructuresModels\FABRICATION DRAWING OF CHIMNEY STRUCTURE\attributes\Md. Naeem_PdfPrintOptions.xml
6/19/2023 11:47:37 AM:Save:Saving Settings to: C:\TeklaStructuresModels\FABRICATION DRAWING OF CHIMNEY STRUCTURE\attributes\Md. Naeem_PdfPrintOptions.xml
6/19/2023 11:48:21 AM:Save:Saving Settings to: C:\TeklaStructuresModels\FABRICATION DRAWING OF CHIMNEY STRUCTURE\attributes\Md. Naeem_PdfPrintOptions.xml
6/19/2023 11:53:43 AM:Save:Saving Settings to: C:\TeklaStructuresModels\FABRICATION DRAWING OF CHIMNEY STRUCTURE\attributes\Md. Naeem_PdfPrintOptions.xml
6/19/2023 11:54:11 AM:Save:Saving Settings to: C:\TeklaStructuresModels\FABRICATION DRAWING OF CHIMNEY STRUCTURE\attributes\Md. Naeem_PdfPrintOptions.xml
6/19/2023 12:04:35 PM:Save:Saving Settings to: C:\TeklaStructuresModels\FABRICATION DRAWING OF CHIMNEY STRUCTURE\attributes\Md. Naeem_PdfPrintOptions.xml
6/19/2023 12:10:09 PM:Save:Saving Settings to: C:\TeklaStructuresModels\FABRICATION DRAWING OF CHIMNEY STRUCTURE\attributes\Md. Naeem_PdfPrintOptions.xml
6/19/2023 12:12:24 PM:Save:Saving Settings to: C:\TeklaStructuresModels\FABRICATION DRAWING OF CHIMNEY STRUCTURE\attributes\Md. Naeem_PdfPrintOptions.xml
6/19/2023 12:17:07 PM:Save:Saving Settings to: C:\TeklaStructuresModels\FABRICATION DRAWING OF CHIMNEY STRUCTURE\attributes\Md. Naeem_PdfPrintOptions.xml
6/19/2023 12:43:23 PM:Save:Saving Settings to: C:\TeklaStructuresModels\FABRICATION DRAWING OF CHIMNEY STRUCTURE\attributes\Md. Naeem_PdfPrintOptions.xml
6/19/2023 12:53:57 PM:Save:Saving Settings to: C:\TeklaStructuresModels\FABRICATION DRAWING OF CHIMNEY STRUCTURE\attributes\Md. Naeem_PdfPrintOptions.xml
6/19/2023 12:56:49 PM:Save:Saving Settings to: C:\TeklaStructuresModels\FABRICATION DRAWING OF CHIMNEY STRUCTURE\attributes\Md. Naeem_PdfPrintOptions.xml
6/19/2023 12:58:58 PM:Save:Saving Settings to: C:\TeklaStructuresModels\FABRICATION DRAWING OF CHIMNEY STRUCTURE\attributes\Md. Naeem_PdfPrintOptions.xml
6/19/2023 2:19:04 PM:Save:Saving Settings to: C:\TeklaStructuresModels\FABRICATION DRAWING OF CHIMNEY STRUCTURE\attributes\Md. Naeem_PdfPrintOptions.xml
6/19/2023 2:33:24 PM:Save:Saving Settings to: C:\TeklaStructuresModels\FABRICATION DRAWING OF CHIMNEY STRUCTURE\attributes\Md. Naeem_PdfPrintOptions.xml
6/19/2023 2:34:53 PM:Save:Saving Settings to: C:\TeklaStructuresModels\FABRICATION DRAWING OF CHIMNEY STRUCTURE\attributes\Md. Naeem_PdfPrintOptions.xml
6/19/2023 2:39:13 PM:Save:Saving Settings to: C:\TeklaStructuresModels\FABRICATION DRAWING OF CHIMNEY STRUCTURE\attributes\Md. Naeem_PdfPrintOptions.xml
6/19/2023 2:59:06 PM:Save:Saving Settings to: C:\TeklaStructuresModels\FABRICATION DRAWING OF CHIMNEY STRUCTURE\attributes\Md. Naeem_PdfPrintOptions.xml
6/19/2023 3:01:21 PM:Save:Saving Settings to: C:\TeklaStructuresModels\FABRICATION DRAWING OF CHIMNEY STRUCTURE\attributes\Md. Naeem_PdfPrintOptions.xml
6/19/2023 3:42:46 PM:Save:Saving Settings to: C:\TeklaStructuresModels\FABRICATION DRAWING OF CHIMNEY STRUCTURE\attributes\Md. Naeem_PdfPrintOptions.xml
6/19/2023 4:25:47 PM:Save:Saving Settings to: C:\TeklaStructuresModels\FABRICATION DRAWING OF CHIMNEY STRUCTURE\attributes\Md. Naeem_PdfPrintOptions.xml
6/19/2023 4:31:01 PM:Save:Saving Settings to: C:\TeklaStructuresModels\FABRICATION DRAWING OF CHIMNEY STRUCTURE\attributes\Md. Naeem_PdfPrintOptions.xml
6/19/2023 4:33:03 PM:Save:Saving Settings to: C:\TeklaStructuresModels\FABRICATION DRAWING OF CHIMNEY STRUCTURE\attributes\Md. Naeem_PdfPrintOptions.xml
6/19/2023 4:42:06 PM:Save:Saving Settings to: C:\TeklaStructuresModels\FABRICATION DRAWING OF CHIMNEY STRUCTURE\attributes\Md. Naeem_PdfPrintOptions.xml
6/19/2023 4:42:30 PM:Save:Saving Settings to: C:\TeklaStructuresModels\FABRICATION DRAWING OF CHIMNEY STRUCTURE\attributes\Md. Naeem_PdfPrintOptions.xml
6/19/2023 4:44:17 PM:Save:Saving Settings to: C:\TeklaStructuresModels\FABRICATION DRAWING OF CHIMNEY STRUCTURE\attributes\Md. Naeem_PdfPrintOptions.xml
6/19/2023 4:56:26 PM:Save:Saving Settings to: C:\TeklaStructuresModels\FABRICATION DRAWING OF CHIMNEY STRUCTURE\attributes\Md. Naeem_PdfPrintOptions.xml
6/19/2023 5:11:41 PM:Save:Saving Settings to: C:\TeklaStructuresModels\FABRICATION DRAWING OF CHIMNEY STRUCTURE\attributes\Md. Naeem_PdfPrintOptions.xml
6/20/2023 9:57:56 AM:LoadOptionsFromPath:Loading Settings from: C:\TeklaStructuresModels\FABRICATION DRAWING OF CHIMNEY STRUCTURE\attributes\Md. Naeem_PdfPrintOptions.xml
6/20/2023 9:57:56 AM:MoveNext:Loading data from: C:\ProgramData\Trimble\Tekla Structures\2023.0\environments\usa\Common\General\DrawingSettings\PaperSizesForDrawings.dat
6/20/2023 10:24:01 AM:Save:Saving Settings to: C:\TeklaStructuresModels\FABRICATION DRAWING OF CHIMNEY STRUCTURE\attributes\Md. Naeem_PdfPrintOptions.xml
6/20/2023 10:25:29 AM:Save:Saving Settings to: C:\TeklaStructuresModels\FABRICATION DRAWING OF CHIMNEY STRUCTURE\attributes\Md. Naeem_PdfPrintOptions.xml
6/21/2023 11:48:41 AM:Save:Saving Settings to: C:\TeklaStructuresModels\FABRICATION DRAWING OF CHIMNEY STRUCTURE\attributes\Md. Naeem_PdfPrintOptions.xml
6/21/2023 11:59:05 AM:Save:Saving Settings to: C:\TeklaStructuresModels\FABRICATION DRAWING OF CHIMNEY STRUCTURE\attributes\Md. Naeem_PdfPrintOptions.xml
6/21/2023 12:03:17 PM:Save:Saving Settings to: C:\TeklaStructuresModels\FABRICATION DRAWING OF CHIMNEY STRUCTURE\attributes\Md. Naeem_PdfPrintOptions.xml
6/21/2023 12:05:33 PM:Save:Saving Settings to: C:\TeklaStructuresModels\FABRICATION DRAWING OF CHIMNEY STRUCTURE\attributes\Md. Naeem_PdfPrintOptions.xml
6/21/2023 12:11:30 PM:Save:Saving Settings to: C:\TeklaStructuresModels\FABRICATION DRAWING OF CHIMNEY STRUCTURE\attributes\Md. Naeem_PdfPrintOptions.xml
6/21/2023 12:19:36 PM:Save:Saving Settings to: C:\TeklaStructuresModels\FABRICATION DRAWING OF CHIMNEY STRUCTURE\attributes\Md. Naeem_PdfPrintOptions.xml
6/21/2023 12:23:06 PM:Save:Saving Settings to: C:\TeklaStructuresModels\FABRICATION DRAWING OF CHIMNEY STRUCTURE\attributes\Md. Naeem_PdfPrintOptions.xml
6/21/2023 12:23:39 PM:Save:Saving Settings to: C:\TeklaStructuresModels\FABRICATION DRAWING OF CHIMNEY STRUCTURE\attributes\Md. Naeem_PdfPrintOptions.xml
6/21/2023 12:32:51 PM:Save:Saving Settings to: C:\TeklaStructuresModels\FABRICATION DRAWING OF CHIMNEY STRUCTURE\attributes\Md. Naeem_PdfPrintOptions.xml
6/21/2023 12:46:07 PM:Save:Saving Settings to: C:\TeklaStructuresModels\FABRICATION DRAWING OF CHIMNEY STRUCTURE\attributes\Md. Naeem_PdfPrintOptions.xml
6/21/2023 12:50:26 PM:Save:Saving Settings to: C:\TeklaStructuresModels\FABRICATION DRAWING OF CHIMNEY STRUCTURE\attributes\Md. Naeem_PdfPrintOptions.xml
6/21/2023 12:54:33 PM:Save:Saving Settings to: C:\TeklaStructuresModels\FABRICATION DRAWING OF CHIMNEY STRUCTURE\attributes\Md. Naeem_PdfPrintOptions.xml
6/21/2023 12:56:33 PM:Save:Saving Settings to: C:\TeklaStructuresModels\FABRICATION DRAWING OF CHIMNEY STRUCTURE\attributes\Md. Naeem_PdfPrintOptions.xml
6/21/2023 3:28:45 PM:Save:Saving Settings to: C:\TeklaStructuresModels\FABRICATION DRAWING OF CHIMNEY STRUCTURE\attributes\Md. Naeem_PdfPrintOptions.xml
6/21/2023 4:08:10 PM:Save:Saving Settings to: C:\TeklaStructuresModels\FABRICATION DRAWING OF CHIMNEY STRUCTURE\attributes\Md. Naeem_PdfPrintOptions.xml
6/21/2023 4:15:46 PM:Save:Saving Settings to: C:\TeklaStructuresModels\FABRICATION DRAWING OF CHIMNEY STRUCTURE\attributes\Md. Naeem_PdfPrintOptions.xml
6/21/2023 4:16:22 PM:Save:Saving Settings to: C:\TeklaStructuresModels\FABRICATION DRAWING OF CHIMNEY STRUCTURE\attributes\Md. Naeem_PdfPrintOptions.xml
6/21/2023 4:57:25 PM:Save:Saving Settings to: C:\TeklaStructuresModels\FABRICATION DRAWING OF CHIMNEY STRUCTURE\attributes\Md. Naeem_PdfPrintOptions.xml
6/21/2023 5:19:39 PM:Save:Saving Settings to: C:\TeklaStructuresModels\FABRICATION DRAWING OF CHIMNEY STRUCTURE\attributes\Md. Naeem_PdfPrintOptions.xml
6/22/2023 3:42:41 PM:Save:Saving Settings to: C:\TeklaStructuresModels\FABRICATION DRAWING OF CHIMNEY STRUCTURE\attributes\Md. Naeem_PdfPrintOptions.xml
6/24/2023 9:47:02 AM:LoadOptionsFromPath:Loading Settings from: C:\TeklaStructuresModels\FABRICATION DRAWING OF CHIMNEY STRUCTURE\attributes\Md. Naeem_PdfPrintOptions.xml
6/24/2023 9:47:02 AM:MoveNext:Loading data from: C:\ProgramData\Trimble\Tekla Structures\2023.0\environments\usa\Common\General\DrawingSettings\PaperSizesForDrawings.dat
6/24/2023 11:10:09 AM:Save:Saving Settings to: C:\TeklaStructuresModels\FABRICATION DRAWING OF CHIMNEY STRUCTURE\attributes\Md. Naeem_PdfPrintOptions.xml
6/24/2023 11:31:31 AM:Save:Saving Settings to: C:\TeklaStructuresModels\FABRICATION DRAWING OF CHIMNEY STRUCTURE\attributes\Md. Naeem_PdfPrintOptions.xml
6/24/2023 11:32:53 AM:Save:Saving Settings to: C:\TeklaStructuresModels\FABRICATION DRAWING OF CHIMNEY STRUCTURE\attributes\Md. Naeem_PdfPrintOptions.xml
6/24/2023 11:38:50 AM:Save:Saving Settings to: C:\TeklaStructuresModels\FABRICATION DRAWING OF CHIMNEY STRUCTURE\attributes\Md. Naeem_PdfPrintOptions.xml
6/24/2023 12:31:47 PM:Save:Saving Settings to: C:\TeklaStructuresModels\FABRICATION DRAWING OF CHIMNEY STRUCTURE\attributes\Md. Naeem_PdfPrintOptions.xml
6/24/2023 12:33:07 PM:Save:Saving Settings to: C:\TeklaStructuresModels\FABRICATION DRAWING OF CHIMNEY STRUCTURE\attributes\Md. Naeem_PdfPrintOptions.xml
6/24/2023 12:36:03 PM:Save:Saving Settings to: C:\TeklaStructuresModels\FABRICATION DRAWING OF CHIMNEY STRUCTURE\attributes\Md. Naeem_PdfPrintOptions.xml
6/24/2023 12:41:05 PM:Save:Saving Settings to: C:\TeklaStructuresModels\FABRICATION DRAWING OF CHIMNEY STRUCTURE\attributes\Md. Naeem_PdfPrintOptions.xml
6/24/2023 12:45:11 PM:Save:Saving Settings to: C:\TeklaStructuresModels\FABRICATION DRAWING OF CHIMNEY STRUCTURE\attributes\Md. Naeem_PdfPrintOptions.xml
6/24/2023 12:47:08 PM:Save:Saving Settings to: C:\TeklaStructuresModels\FABRICATION DRAWING OF CHIMNEY STRUCTURE\attributes\Md. Naeem_PdfPrintOptions.xml
6/24/2023 12:47:21 PM:Save:Saving Settings to: C:\TeklaStructuresModels\FABRICATION DRAWING OF CHIMNEY STRUCTURE\attributes\Md. Naeem_PdfPrintOptions.xml
6/24/2023 12:49:20 PM:Save:Saving Settings to: C:\TeklaStructuresModels\FABRICATION DRAWING OF CHIMNEY STRUCTURE\attributes\Md. Naeem_PdfPrintOptions.xml
6/24/2023 12:53:53 PM:Save:Saving Settings to: C:\TeklaStructuresModels\FABRICATION DRAWING OF CHIMNEY STRUCTURE\attributes\Md. Naeem_PdfPrintOptions.xml
6/24/2023 12:58:45 PM:Save:Saving Settings to: C:\TeklaStructuresModels\FABRICATION DRAWING OF CHIMNEY STRUCTURE\attributes\Md. Naeem_PdfPrintOptions.xml
6/24/2023 12:59:07 PM:Save:Saving Settings to: C:\TeklaStructuresModels\FABRICATION DRAWING OF CHIMNEY STRUCTURE\attributes\Md. Naeem_PdfPrintOptions.xml
6/24/2023 1:20:35 PM:Save:Saving Settings to: C:\TeklaStructuresModels\FABRICATION DRAWING OF CHIMNEY STRUCTURE\attributes\Md. Naeem_PdfPrintOptions.xml
6/24/2023 1:22:53 PM:Save:Saving Settings to: C:\TeklaStructuresModels\FABRICATION DRAWING OF CHIMNEY STRUCTURE\attributes\Md. Naeem_PdfPrintOptions.xml
6/24/2023 3:28:22 PM:Save:Saving Settings to: C:\TeklaStructuresModels\FABRICATION DRAWING OF CHIMNEY STRUCTURE\attributes\Md. Naeem_PdfPrintOptions.xml
6/24/2023 3:55:45 PM:Save:Saving Settings to: C:\TeklaStructuresModels\FABRICATION DRAWING OF CHIMNEY STRUCTURE\attributes\Md. Naeem_PdfPrintOptions.xml
6/24/2023 3:57:54 PM:Save:Saving Settings to: C:\TeklaStructuresModels\FABRICATION DRAWING OF CHIMNEY STRUCTURE\attributes\Md. Naeem_PdfPrintOptions.xml
6/24/2023 4:16:03 PM:Save:Saving Settings to: C:\TeklaStructuresModels\FABRICATION DRAWING OF CHIMNEY STRUCTURE\attributes\Md. Naeem_PdfPrintOptions.xml
6/24/2023 5:09:31 PM:Save:Saving Settings to: C:\TeklaStructuresModels\FABRICATION DRAWING OF CHIMNEY STRUCTURE\attributes\Md. Naeem_PdfPrintOptions.xml
6/24/2023 5:16:19 PM:Save:Saving Settings to: C:\TeklaStructuresModels\FABRICATION DRAWING OF CHIMNEY STRUCTURE\attributes\Md. Naeem_PdfPrintOptions.xml
6/24/2023 5:16:46 PM:Save:Saving Settings to: C:\TeklaStructuresModels\FABRICATION DRAWING OF CHIMNEY STRUCTURE\attributes\Md. Naeem_PdfPrintOptions.xml
6/24/2023 5:17:40 PM:Save:Saving Settings to: C:\TeklaStructuresModels\FABRICATION DRAWING OF CHIMNEY STRUCTURE\attributes\Md. Naeem_PdfPrintOptions.xml
6/24/2023 6:31:01 PM:Save:Saving Settings to: C:\TeklaStructuresModels\FABRICATION DRAWING OF CHIMNEY STRUCTURE\attributes\Md. Naeem_PdfPrintOptions.xml
6/24/2023 6:41:20 PM:Save:Saving Settings to: C:\TeklaStructuresModels\FABRICATION DRAWING OF CHIMNEY STRUCTURE\attributes\Md. Naeem_PdfPrintOptions.xml
6/24/2023 6:55:57 PM:Save:Saving Settings to: C:\TeklaStructuresModels\FABRICATION DRAWING OF CHIMNEY STRUCTURE\attributes\Md. Naeem_PdfPrintOptions.xml
6/24/2023 7:31:15 PM:Save:Saving Settings to: C:\TeklaStructuresModels\FABRICATION DRAWING OF CHIMNEY STRUCTURE\attributes\Md. Naeem_PdfPrintOptions.xml
6/24/2023 7:52:22 PM:Save:Saving Settings to: C:\TeklaStructuresModels\FABRICATION DRAWING OF CHIMNEY STRUCTURE\attributes\Md. Naeem_PdfPrintOptions.xml
6/24/2023 7:54:28 PM:Save:Saving Settings to: C:\TeklaStructuresModels\FABRICATION DRAWING OF CHIMNEY STRUCTURE\attributes\Md. Naeem_PdfPrintOptions.xml
6/24/2023 9:18:32 PM:Save:Saving Settings to: C:\TeklaStructuresModels\FABRICATION DRAWING OF CHIMNEY STRUCTURE\attributes\Md. Naeem_PdfPrintOptions.xml
6/24/2023 9:51:35 PM:Save:Saving Settings to: C:\TeklaStructuresModels\FABRICATION DRAWING OF CHIMNEY STRUCTURE\attributes\Md. Naeem_PdfPrintOptions.xml
6/24/2023 10:02:13 PM:Save:Saving Settings to: C:\TeklaStructuresModels\FABRICATION DRAWING OF CHIMNEY STRUCTURE\attributes\Md. Naeem_PdfPrintOptions.xml
6/24/2023 10:07:37 PM:Save:Saving Settings to: C:\TeklaStructuresModels\FABRICATION DRAWING OF CHIMNEY STRUCTURE\attributes\Md. Naeem_PdfPrintOptions.xml
6/24/2023 10:24:09 PM:Save:Saving Settings to: C:\TeklaStructuresModels\FABRICATION DRAWING OF CHIMNEY STRUCTURE\attributes\Md. Naeem_PdfPrintOptions.xml
6/24/2023 10:40:20 PM:Save:Saving Settings to: C:\TeklaStructuresModels\FABRICATION DRAWING OF CHIMNEY STRUCTURE\attributes\Md. Naeem_PdfPrintOptions.xml
6/24/2023 10:40:32 PM:Save:Saving Settings to: C:\TeklaStructuresModels\FABRICATION DRAWING OF CHIMNEY STRUCTURE\attributes\Md. Naeem_PdfPrintOptions.xml
6/24/2023 10:45:38 PM:LoadOptionsFromPath:Loading Settings from: C:\TeklaStructuresModels\FABRICATION DRAWING OF CHIMNEY STRUCTURE\attributes\Md. Naeem_PdfPrintOptions.xml
6/24/2023 10:45:38 PM:MoveNext:Loading data from: C:\ProgramData\Trimble\Tekla Structures\2023.0\environments\usa\Common\General\DrawingSettings\PaperSizesForDrawings.dat
6/25/2023 9:25:16 AM:Save:Saving Settings to: C:\TeklaStructuresModels\FABRICATION DRAWING OF CHIMNEY STRUCTURE\attributes\Md. Naeem_PdfPrintOptions.xml
6/25/2023 9:47:09 AM:Save:Saving Settings to: C:\TeklaStructuresModels\FABRICATION DRAWING OF CHIMNEY STRUCTURE\attributes\Md. Naeem_PdfPrintOptions.xml
6/25/2023 9:48:40 AM:Save:Saving Settings to: C:\TeklaStructuresModels\FABRICATION DRAWING OF CHIMNEY STRUCTURE\attributes\Md. Naeem_PdfPrintOptions.xml
