ERROR:  20.06.2023 10:12:46 Could not find UI name for plugin named Contour plate
ERROR:  20.06.2023 10:13:22 Could not find UI name for plugin named Contour plate
ERROR:  20.06.2023 10:13:22 Could not find UI name for plugin named Contour plate
ERROR:  20.06.2023 10:13:22 Could not find UI name for plugin named Contour plate
ERROR:  20.06.2023 10:17:49 Could not find UI name for plugin named Bolt
ERROR:  20.06.2023 10:17:49 Could not find UI name for plugin named Bolt
ERROR:  20.06.2023 10:17:49 Could not find UI name for plugin named Bolt
ERROR:  20.06.2023 10:17:50 Could not find UI name for plugin named Bolt
ERROR:  20.06.2023 10:17:59 Could not find UI name for plugin named Bolt
ERROR:  20.06.2023 10:17:59 Could not find UI name for plugin named Bolt
ERROR:  20.06.2023 10:18:00 Could not find UI name for plugin named Bolt
ERROR:  20.06.2023 10:18:01 Could not find UI name for plugin named Bolt
ERROR:  20.06.2023 10:18:01 Could not find UI name for plugin named Bolt
ERROR:  20.06.2023 10:18:13 Could not find UI name for plugin named Bolt
ERROR:  20.06.2023 10:18:14 Could not find UI name for plugin named Bolt
ERROR:  20.06.2023 10:18:16 Could not find UI name for plugin named Bolt
ERROR:  21.06.2023 11:01:27 Could not find UI name for plugin named Shear Pl Simple
ERROR:  21.06.2023 11:01:27 Could not find UI name for plugin named Shear Pl Simple
ERROR:  21.06.2023 11:01:27 Could not find UI name for plugin named Shear Pl Simple
ERROR:  21.06.2023 11:20:13 Could not find UI name for plugin named Joint 310000035
ERROR:  21.06.2023 11:20:21 Could not find UI name for plugin named Shear Pl Simple
ERROR:  21.06.2023 11:20:21 Could not find UI name for plugin named Shear Pl Simple
ERROR:  21.06.2023 11:20:21 Could not find UI name for plugin named Shear Pl Simple
ERROR:  21.06.2023 11:20:22 Could not find UI name for plugin named Shear Pl Simple
ERROR:  21.06.2023 11:20:22 Could not find UI name for plugin named Shear Pl Simple
ERROR:  21.06.2023 11:20:22 Could not find UI name for plugin named Shear Pl Simple
ERROR:  21.06.2023 11:39:07 Could not find UI name for plugin named Joint 310000035
ERROR:  21.06.2023 11:39:43 Could not find UI name for plugin named Joint 310000035
ERROR:  21.06.2023 11:39:55 Could not find UI name for plugin named Joint 310000035
ERROR:  21.06.2023 11:44:26 Could not find UI name for plugin named Joint 310000035
ERROR:  21.06.2023 11:44:48 Could not find UI name for plugin named Joint 310000035
ERROR:  21.06.2023 12:04:26 Could not find UI name for plugin named Joint 310000035
ERROR:  21.06.2023 12:04:49 Could not find UI name for plugin named Joint 310000035
ERROR:  21.06.2023 12:11:03 Could not find UI name for plugin named Joint 310000035
ERROR:  21.06.2023 12:54:38 Could not find UI name for plugin named Joint 310000035
ERROR:  21.06.2023 15:27:30 Failed to modify selected parametric component
ERROR:  21.06.2023 15:30:12 Failed to modify selected parametric component
ERROR:  21.06.2023 15:30:24 Failed to modify selected parametric component
ERROR:  21.06.2023 15:30:30 Failed to modify selected parametric component
ERROR:  21.06.2023 15:30:39 Failed to modify selected parametric component
ERROR:  21.06.2023 15:30:46 Failed to modify selected parametric component
ERROR:  21.06.2023 15:30:54 Failed to modify selected parametric component
ERROR:  21.06.2023 15:31:04 Failed to modify selected parametric component
ERROR:  21.06.2023 16:55:50 Copying a fitting without a valid father!
ERROR:  21.06.2023 16:55:50 Copying a fitting without a valid father!
ASSERT:  21.06.2023 16:56:29  REASON: (false), File: E:\prod\ts-build\Core\Model\StructuralProductModel\libdbmessage\db_message_executor.cpp, Line: 686
ERROR:  21.06.2023 17:14:17 Could not find UI name for plugin named DOUBLE L END
ERROR:  21.06.2023 17:18:19 Copying a fitting without a valid father!
ERROR:  21.06.2023 17:18:49 Copying a fitting without a valid father!
ERROR:  21.06.2023 17:19:00 Copying a fitting without a valid father!
