ERROR:  18.06.2023 10:11:49 Could not find UI name for plugin named Column
ERROR:  18.06.2023 10:11:54 Could not find UI name for plugin named Column
ERROR:  18.06.2023 10:11:59 Could not find UI name for plugin named Column
ERROR:  18.06.2023 10:11:59 Could not find UI name for plugin named Column
ERROR:  18.06.2023 10:12:02 Could not find UI name for plugin named Column
ERROR:  18.06.2023 10:12:02 Could not find UI name for plugin named Column
ERROR:  18.06.2023 10:12:02 Could not find UI name for plugin named Column
ERROR:  18.06.2023 10:12:03 Could not find UI name for plugin named Column
ERROR:  18.06.2023 10:12:03 Could not find UI name for plugin named Column
ERROR:  18.06.2023 10:12:03 Could not find UI name for plugin named Column
ERROR:  18.06.2023 10:13:04 Could not find UI name for plugin named Column
ERROR:  18.06.2023 10:16:23 Could not find UI name for plugin named Column
ERROR:  18.06.2023 10:16:24 Could not find UI name for plugin named Column
ERROR:  18.06.2023 10:16:24 Could not find UI name for plugin named Column
ERROR:  18.06.2023 10:16:31 Could not find UI name for plugin named Column
ERROR:  18.06.2023 10:16:31 Could not find UI name for plugin named Column
ERROR:  18.06.2023 10:17:50 Could not find UI name for plugin named Column
ERROR:  18.06.2023 10:17:50 Could not find UI name for plugin named Column
ERROR:  18.06.2023 10:18:08 Could not find UI name for plugin named Column
ERROR:  18.06.2023 10:18:11 Could not find UI name for plugin named Column
ERROR:  18.06.2023 10:18:15 Could not find UI name for plugin named Column
ERROR:  18.06.2023 10:18:16 Could not find UI name for plugin named Column
ERROR:  18.06.2023 10:18:17 Could not find UI name for plugin named Column
ERROR:  18.06.2023 10:18:18 Could not find UI name for plugin named Column
ERROR:  18.06.2023 10:18:18 Could not find UI name for plugin named Column
ERROR:  18.06.2023 10:20:15 Could not find UI name for plugin named Column
ERROR:  18.06.2023 10:20:23 Could not find UI name for plugin named Column
ERROR:  18.06.2023 10:20:23 Could not find UI name for plugin named Column
ERROR:  18.06.2023 10:22:56 Could not find UI name for plugin named Column
ERROR:  18.06.2023 10:22:56 Could not find UI name for plugin named Column
ERROR:  18.06.2023 10:22:58 Could not find UI name for plugin named Column
ERROR:  18.06.2023 10:26:03 Could not find UI name for plugin named Detail 1014
ERROR:  18.06.2023 10:26:50 Could not find UI name for plugin named Stiffened base plate
ERROR:  18.06.2023 10:26:50 Could not find UI name for plugin named Stiffened base plate
ERROR:  18.06.2023 10:26:50 Could not find UI name for plugin named Stiffened base plate
ERROR:  18.06.2023 10:28:06 Could not find UI name for plugin named Stiffened base plate
ERROR:  18.06.2023 10:28:06 Could not find UI name for plugin named Stiffened base plate
ERROR:  18.06.2023 10:28:06 Could not find UI name for plugin named Stiffened base plate
ERROR:  18.06.2023 10:28:08 Could not find UI name for plugin named Stiffened base plate
ERROR:  18.06.2023 10:28:08 Could not find UI name for plugin named Stiffened base plate
ERROR:  18.06.2023 10:28:08 Could not find UI name for plugin named Stiffened base plate
ERROR:  18.06.2023 10:28:08 Could not find UI name for plugin named Stiffened base plate
ERROR:  18.06.2023 10:28:08 Could not find UI name for plugin named Stiffened base plate
ERROR:  18.06.2023 10:28:08 Could not find UI name for plugin named Stiffened base plate
ERROR:  18.06.2023 10:28:08 Could not find UI name for plugin named Stiffened base plate
ERROR:  18.06.2023 10:28:08 Could not find UI name for plugin named Stiffened base plate
ERROR:  18.06.2023 10:28:08 Could not find UI name for plugin named Stiffened base plate
ERROR:  18.06.2023 10:28:08 Could not find UI name for plugin named Stiffened base plate
ERROR:  18.06.2023 10:28:08 Could not find UI name for plugin named Stiffened base plate
ERROR:  18.06.2023 10:28:08 Could not find UI name for plugin named Stiffened base plate
ERROR:  18.06.2023 10:28:14 Could not find UI name for plugin named Stiffened base plate
ERROR:  18.06.2023 10:28:14 Could not find UI name for plugin named Stiffened base plate
ERROR:  18.06.2023 10:28:14 Could not find UI name for plugin named Stiffened base plate
ERROR:  18.06.2023 10:30:37 Could not find UI name for plugin named Detail 1042
ERROR:  18.06.2023 10:46:08 Could not find UI name for plugin named Detail 1042
ERROR:  18.06.2023 10:49:39 Could not find UI name for plugin named Contour plate
ERROR:  18.06.2023 10:49:45 Could not find UI name for plugin named Contour plate
ERROR:  18.06.2023 10:49:48 Could not find UI name for plugin named Contour plate
ERROR:  18.06.2023 10:49:56 Could not find UI name for plugin named Contour plate
ERROR:  18.06.2023 10:50:05 Could not find UI name for plugin named Contour plate
ERROR:  18.06.2023 10:50:08 Could not find UI name for plugin named Contour plate
ERROR:  18.06.2023 10:50:08 Could not find UI name for plugin named Contour plate
ERROR:  18.06.2023 10:50:09 Could not find UI name for plugin named Contour plate
ERROR:  18.06.2023 10:50:09 Could not find UI name for plugin named Contour plate
ERROR:  18.06.2023 10:50:10 Could not find UI name for plugin named Contour plate
ERROR:  18.06.2023 10:50:28 Could not find UI name for plugin named Contour plate
ERROR:  18.06.2023 10:50:28 Could not find UI name for plugin named Contour plate
ERROR:  18.06.2023 10:50:28 Could not find UI name for plugin named Contour plate
ERROR:  18.06.2023 10:50:28 Could not find UI name for plugin named Contour plate
ERROR:  18.06.2023 10:50:28 Could not find UI name for plugin named Contour plate
ERROR:  18.06.2023 10:50:28 Could not find UI name for plugin named Contour plate
ERROR:  18.06.2023 10:50:28 Could not find UI name for plugin named Contour plate
ERROR:  18.06.2023 10:50:28 Could not find UI name for plugin named Contour plate
ERROR:  18.06.2023 10:50:28 Could not find UI name for plugin named Contour plate
ERROR:  18.06.2023 10:50:28 Could not find UI name for plugin named Contour plate
ERROR:  18.06.2023 10:50:28 Could not find UI name for plugin named Contour plate
ERROR:  18.06.2023 10:50:28 Could not find UI name for plugin named Contour plate
ERROR:  18.06.2023 10:50:28 Could not find UI name for plugin named Contour plate
ERROR:  18.06.2023 10:50:28 Could not find UI name for plugin named Contour plate
ERROR:  18.06.2023 10:50:28 Could not find UI name for plugin named Contour plate
ERROR:  18.06.2023 10:50:28 Could not find UI name for plugin named Contour plate
ERROR:  18.06.2023 10:50:28 Could not find UI name for plugin named Contour plate
ERROR:  18.06.2023 10:50:28 Could not find UI name for plugin named Contour plate
ERROR:  18.06.2023 10:50:28 Could not find UI name for plugin named Contour plate
ERROR:  18.06.2023 10:50:28 Could not find UI name for plugin named Contour plate
ERROR:  18.06.2023 10:50:28 Could not find UI name for plugin named Contour plate
ERROR:  18.06.2023 10:50:28 Could not find UI name for plugin named Contour plate
ERROR:  18.06.2023 10:50:28 Could not find UI name for plugin named Contour plate
ERROR:  18.06.2023 10:50:28 Could not find UI name for plugin named Contour plate
ERROR:  18.06.2023 10:50:28 Could not find UI name for plugin named Contour plate
ERROR:  18.06.2023 10:50:28 Could not find UI name for plugin named Contour plate
ERROR:  18.06.2023 10:50:28 Could not find UI name for plugin named Contour plate
ERROR:  18.06.2023 10:50:28 Could not find UI name for plugin named Contour plate
ERROR:  18.06.2023 10:50:28 Could not find UI name for plugin named Contour plate
ERROR:  18.06.2023 10:50:28 Could not find UI name for plugin named Contour plate
ERROR:  18.06.2023 10:50:28 Could not find UI name for plugin named Contour plate
ERROR:  18.06.2023 10:50:28 Could not find UI name for plugin named Contour plate
ERROR:  18.06.2023 10:50:28 Could not find UI name for plugin named Contour plate
ERROR:  18.06.2023 10:50:40 Could not find UI name for plugin named Contour plate
ERROR:  18.06.2023 10:50:41 Could not find UI name for plugin named Contour plate
ERROR:  18.06.2023 10:52:15 Could not find UI name for plugin named Contour plate
ERROR:  18.06.2023 10:52:17 Could not find UI name for plugin named Contour plate
ERROR:  18.06.2023 10:52:24 Could not find UI name for plugin named Contour plate
ERROR:  18.06.2023 10:52:24 Could not find UI name for plugin named Contour plate
ERROR:  18.06.2023 10:52:25 Could not find UI name for plugin named Contour plate
ERROR:  18.06.2023 10:52:46 Could not find UI name for plugin named Contour plate
ERROR:  18.06.2023 10:52:46 Could not find UI name for plugin named Contour plate
ERROR:  18.06.2023 10:52:46 Could not find UI name for plugin named Contour plate
ERROR:  18.06.2023 10:52:46 Could not find UI name for plugin named Contour plate
ERROR:  18.06.2023 10:52:46 Could not find UI name for plugin named Contour plate
ERROR:  18.06.2023 10:52:46 Could not find UI name for plugin named Contour plate
ERROR:  18.06.2023 10:52:46 Could not find UI name for plugin named Contour plate
ERROR:  18.06.2023 10:52:46 Could not find UI name for plugin named Contour plate
ERROR:  18.06.2023 10:52:46 Could not find UI name for plugin named Contour plate
ERROR:  18.06.2023 10:52:46 Could not find UI name for plugin named Contour plate
ERROR:  18.06.2023 10:52:46 Could not find UI name for plugin named Contour plate
ERROR:  18.06.2023 10:52:46 Could not find UI name for plugin named Contour plate
ERROR:  18.06.2023 10:52:46 Could not find UI name for plugin named Contour plate
ERROR:  18.06.2023 10:52:46 Could not find UI name for plugin named Contour plate
ERROR:  18.06.2023 10:52:46 Could not find UI name for plugin named Contour plate
ERROR:  18.06.2023 10:52:46 Could not find UI name for plugin named Contour plate
ERROR:  18.06.2023 10:52:46 Could not find UI name for plugin named Contour plate
ERROR:  18.06.2023 10:52:46 Could not find UI name for plugin named Contour plate
ERROR:  18.06.2023 10:52:46 Could not find UI name for plugin named Contour plate
ERROR:  18.06.2023 10:52:46 Could not find UI name for plugin named Contour plate
ERROR:  18.06.2023 10:52:46 Could not find UI name for plugin named Contour plate
ERROR:  18.06.2023 10:52:46 Could not find UI name for plugin named Contour plate
ERROR:  18.06.2023 10:52:46 Could not find UI name for plugin named Contour plate
ERROR:  18.06.2023 10:52:46 Could not find UI name for plugin named Contour plate
ERROR:  18.06.2023 10:52:46 Could not find UI name for plugin named Contour plate
ERROR:  18.06.2023 10:52:46 Could not find UI name for plugin named Contour plate
ERROR:  18.06.2023 10:52:46 Could not find UI name for plugin named Contour plate
ERROR:  18.06.2023 10:52:46 Could not find UI name for plugin named Contour plate
ERROR:  18.06.2023 10:52:46 Could not find UI name for plugin named Contour plate
ERROR:  18.06.2023 10:52:47 Could not find UI name for plugin named Contour plate
ERROR:  18.06.2023 10:52:47 Could not find UI name for plugin named Contour plate
ERROR:  18.06.2023 10:52:47 Could not find UI name for plugin named Contour plate
ERROR:  18.06.2023 10:52:47 Could not find UI name for plugin named Contour plate
ERROR:  18.06.2023 10:52:47 Could not find UI name for plugin named Contour plate
ERROR:  18.06.2023 10:52:47 Could not find UI name for plugin named Contour plate
ERROR:  18.06.2023 10:52:47 Could not find UI name for plugin named Contour plate
ERROR:  18.06.2023 10:52:47 Could not find UI name for plugin named Contour plate
ERROR:  18.06.2023 10:52:47 Could not find UI name for plugin named Contour plate
ERROR:  18.06.2023 10:52:47 Could not find UI name for plugin named Contour plate
ERROR:  18.06.2023 10:52:47 Could not find UI name for plugin named Contour plate
ERROR:  18.06.2023 10:52:47 Could not find UI name for plugin named Contour plate
ERROR:  18.06.2023 10:52:47 Could not find UI name for plugin named Contour plate
ERROR:  18.06.2023 10:52:47 Could not find UI name for plugin named Contour plate
ERROR:  18.06.2023 10:52:47 Could not find UI name for plugin named Contour plate
ERROR:  18.06.2023 10:52:47 Could not find UI name for plugin named Contour plate
ERROR:  18.06.2023 10:52:47 Could not find UI name for plugin named Contour plate
ERROR:  18.06.2023 10:52:47 Could not find UI name for plugin named Contour plate
ERROR:  18.06.2023 10:52:47 Could not find UI name for plugin named Contour plate
ERROR:  18.06.2023 10:52:47 Could not find UI name for plugin named Contour plate
ERROR:  18.06.2023 10:52:47 Could not find UI name for plugin named Contour plate
ERROR:  18.06.2023 10:52:47 Could not find UI name for plugin named Contour plate
ERROR:  18.06.2023 10:52:47 Could not find UI name for plugin named Contour plate
ERROR:  18.06.2023 10:52:47 Could not find UI name for plugin named Contour plate
ERROR:  18.06.2023 10:52:47 Could not find UI name for plugin named Contour plate
ERROR:  18.06.2023 10:52:47 Could not find UI name for plugin named Contour plate
ERROR:  18.06.2023 10:52:47 Could not find UI name for plugin named Contour plate
ERROR:  18.06.2023 10:52:47 Could not find UI name for plugin named Contour plate
ERROR:  18.06.2023 10:52:47 Could not find UI name for plugin named Contour plate
ERROR:  18.06.2023 10:52:53 Could not find UI name for plugin named Contour plate
ERROR:  18.06.2023 10:52:55 Could not find UI name for plugin named Contour plate
ERROR:  18.06.2023 10:52:55 Could not find UI name for plugin named Contour plate
ERROR:  18.06.2023 10:52:55 Could not find UI name for plugin named Contour plate
ERROR:  18.06.2023 10:52:55 Could not find UI name for plugin named Contour plate
ERROR:  18.06.2023 10:52:55 Could not find UI name for plugin named Contour plate
ERROR:  18.06.2023 10:52:55 Could not find UI name for plugin named Contour plate
ERROR:  18.06.2023 10:52:55 Could not find UI name for plugin named Contour plate
ERROR:  18.06.2023 10:52:55 Could not find UI name for plugin named Contour plate
ERROR:  18.06.2023 10:52:55 Could not find UI name for plugin named Contour plate
ERROR:  18.06.2023 10:52:55 Could not find UI name for plugin named Contour plate
ERROR:  18.06.2023 10:52:55 Could not find UI name for plugin named Contour plate
ERROR:  18.06.2023 10:52:55 Could not find UI name for plugin named Contour plate
ERROR:  18.06.2023 10:52:55 Could not find UI name for plugin named Contour plate
ERROR:  18.06.2023 10:52:55 Could not find UI name for plugin named Contour plate
ERROR:  18.06.2023 10:52:55 Could not find UI name for plugin named Contour plate
ERROR:  18.06.2023 10:52:55 Could not find UI name for plugin named Contour plate
ERROR:  18.06.2023 10:52:55 Could not find UI name for plugin named Contour plate
ERROR:  18.06.2023 10:52:55 Could not find UI name for plugin named Contour plate
ERROR:  18.06.2023 10:52:55 Could not find UI name for plugin named Contour plate
ERROR:  18.06.2023 10:52:55 Could not find UI name for plugin named Contour plate
ERROR:  18.06.2023 10:52:55 Could not find UI name for plugin named Contour plate
ERROR:  18.06.2023 10:52:55 Could not find UI name for plugin named Contour plate
ERROR:  18.06.2023 10:52:55 Could not find UI name for plugin named Contour plate
ERROR:  18.06.2023 10:52:55 Could not find UI name for plugin named Contour plate
ERROR:  18.06.2023 10:52:55 Could not find UI name for plugin named Contour plate
ERROR:  18.06.2023 10:52:55 Could not find UI name for plugin named Contour plate
ERROR:  18.06.2023 10:52:55 Could not find UI name for plugin named Contour plate
ERROR:  18.06.2023 10:52:55 Could not find UI name for plugin named Contour plate
ERROR:  18.06.2023 10:52:55 Could not find UI name for plugin named Contour plate
ERROR:  18.06.2023 10:52:55 Could not find UI name for plugin named Contour plate
ERROR:  18.06.2023 10:52:55 Could not find UI name for plugin named Contour plate
ERROR:  18.06.2023 10:52:55 Could not find UI name for plugin named Contour plate
ERROR:  18.06.2023 10:52:55 Could not find UI name for plugin named Contour plate
ERROR:  18.06.2023 10:52:55 Could not find UI name for plugin named Contour plate
ERROR:  18.06.2023 10:52:55 Could not find UI name for plugin named Contour plate
ERROR:  18.06.2023 10:52:55 Could not find UI name for plugin named Contour plate
ERROR:  18.06.2023 10:52:55 Could not find UI name for plugin named Contour plate
ERROR:  18.06.2023 10:52:55 Could not find UI name for plugin named Contour plate
ERROR:  18.06.2023 10:52:55 Could not find UI name for plugin named Contour plate
ERROR:  18.06.2023 10:52:55 Could not find UI name for plugin named Contour plate
ERROR:  18.06.2023 10:52:55 Could not find UI name for plugin named Contour plate
ERROR:  18.06.2023 10:52:55 Could not find UI name for plugin named Contour plate
ERROR:  18.06.2023 10:52:55 Could not find UI name for plugin named Contour plate
ERROR:  18.06.2023 10:52:55 Could not find UI name for plugin named Contour plate
ERROR:  18.06.2023 10:52:55 Could not find UI name for plugin named Contour plate
ERROR:  18.06.2023 10:52:55 Could not find UI name for plugin named Contour plate
ERROR:  18.06.2023 10:52:55 Could not find UI name for plugin named Contour plate
ERROR:  18.06.2023 10:52:55 Could not find UI name for plugin named Contour plate
ERROR:  18.06.2023 10:52:55 Could not find UI name for plugin named Contour plate
ERROR:  18.06.2023 10:52:55 Could not find UI name for plugin named Contour plate
ERROR:  18.06.2023 10:52:55 Could not find UI name for plugin named Contour plate
ERROR:  18.06.2023 10:52:55 Could not find UI name for plugin named Contour plate
ERROR:  18.06.2023 10:52:55 Could not find UI name for plugin named Contour plate
ERROR:  18.06.2023 10:52:55 Could not find UI name for plugin named Contour plate
ERROR:  18.06.2023 10:52:55 Could not find UI name for plugin named Contour plate
ERROR:  18.06.2023 10:52:55 Could not find UI name for plugin named Contour plate
ERROR:  18.06.2023 10:52:55 Could not find UI name for plugin named Contour plate
ERROR:  18.06.2023 10:52:55 Could not find UI name for plugin named Contour plate
ERROR:  18.06.2023 10:55:39 Could not find UI name for plugin named Contour plate
ERROR:  18.06.2023 10:55:39 Could not find UI name for plugin named Contour plate
ERROR:  18.06.2023 10:55:39 Could not find UI name for plugin named Contour plate
ERROR:  18.06.2023 10:55:39 Could not find UI name for plugin named Contour plate
ERROR:  18.06.2023 10:55:39 Could not find UI name for plugin named Contour plate
ERROR:  18.06.2023 10:55:39 Could not find UI name for plugin named Contour plate
ERROR:  18.06.2023 10:55:39 Could not find UI name for plugin named Contour plate
ERROR:  18.06.2023 10:55:39 Could not find UI name for plugin named Contour plate
ERROR:  18.06.2023 10:55:39 Could not find UI name for plugin named Contour plate
ERROR:  18.06.2023 10:55:39 Could not find UI name for plugin named Contour plate
ERROR:  18.06.2023 10:55:39 Could not find UI name for plugin named Contour plate
ERROR:  18.06.2023 10:55:39 Could not find UI name for plugin named Contour plate
ERROR:  18.06.2023 10:55:39 Could not find UI name for plugin named Contour plate
ERROR:  18.06.2023 10:55:39 Could not find UI name for plugin named Contour plate
ERROR:  18.06.2023 10:55:39 Could not find UI name for plugin named Contour plate
ERROR:  18.06.2023 10:55:39 Could not find UI name for plugin named Contour plate
ERROR:  18.06.2023 10:55:39 Could not find UI name for plugin named Contour plate
ERROR:  18.06.2023 10:55:39 Could not find UI name for plugin named Contour plate
ERROR:  18.06.2023 10:55:39 Could not find UI name for plugin named Contour plate
ERROR:  18.06.2023 10:55:39 Could not find UI name for plugin named Contour plate
ERROR:  18.06.2023 10:55:39 Could not find UI name for plugin named Contour plate
ERROR:  18.06.2023 10:55:39 Could not find UI name for plugin named Contour plate
ERROR:  18.06.2023 10:55:39 Could not find UI name for plugin named Contour plate
ERROR:  18.06.2023 10:55:39 Could not find UI name for plugin named Contour plate
ERROR:  18.06.2023 10:55:39 Could not find UI name for plugin named Contour plate
ERROR:  18.06.2023 10:55:39 Could not find UI name for plugin named Contour plate
ERROR:  18.06.2023 10:55:39 Could not find UI name for plugin named Contour plate
ERROR:  18.06.2023 10:55:39 Could not find UI name for plugin named Contour plate
ERROR:  18.06.2023 10:55:39 Could not find UI name for plugin named Contour plate
ERROR:  18.06.2023 11:04:40 Could not find UI name for plugin named Contour plate
ERROR:  18.06.2023 11:04:40 Could not find UI name for plugin named Contour plate
ERROR:  18.06.2023 11:04:40 Could not find UI name for plugin named Contour plate
ERROR:  18.06.2023 11:04:40 Could not find UI name for plugin named Contour plate
ERROR:  18.06.2023 11:04:40 Could not find UI name for plugin named Contour plate
ERROR:  18.06.2023 11:04:40 Could not find UI name for plugin named Contour plate
ERROR:  18.06.2023 11:04:40 Could not find UI name for plugin named Contour plate
ERROR:  18.06.2023 11:04:40 Could not find UI name for plugin named Contour plate
ERROR:  18.06.2023 11:04:40 Could not find UI name for plugin named Contour plate
ERROR:  18.06.2023 11:04:40 Could not find UI name for plugin named Contour plate
ERROR:  18.06.2023 11:04:40 Could not find UI name for plugin named Contour plate
ERROR:  18.06.2023 11:04:40 Could not find UI name for plugin named Contour plate
ERROR:  18.06.2023 11:04:40 Could not find UI name for plugin named Contour plate
ERROR:  18.06.2023 11:04:40 Could not find UI name for plugin named Contour plate
ERROR:  18.06.2023 11:04:43 Could not find UI name for plugin named Contour plate
ERROR:  18.06.2023 11:04:43 Could not find UI name for plugin named Contour plate
ERROR:  18.06.2023 11:04:43 Could not find UI name for plugin named Contour plate
ERROR:  18.06.2023 11:04:43 Could not find UI name for plugin named Contour plate
ERROR:  18.06.2023 11:04:43 Could not find UI name for plugin named Contour plate
ERROR:  18.06.2023 11:04:43 Could not find UI name for plugin named Contour plate
ERROR:  18.06.2023 11:04:43 Could not find UI name for plugin named Contour plate
ERROR:  18.06.2023 11:04:43 Could not find UI name for plugin named Contour plate
ERROR:  18.06.2023 11:04:43 Could not find UI name for plugin named Contour plate
ERROR:  18.06.2023 11:04:43 Could not find UI name for plugin named Contour plate
ERROR:  18.06.2023 11:04:43 Could not find UI name for plugin named Contour plate
ERROR:  18.06.2023 11:04:43 Could not find UI name for plugin named Contour plate
ERROR:  18.06.2023 11:04:43 Could not find UI name for plugin named Contour plate
ERROR:  18.06.2023 11:04:43 Could not find UI name for plugin named Contour plate
ERROR:  18.06.2023 11:04:43 Could not find UI name for plugin named Contour plate
ERROR:  18.06.2023 11:04:43 Could not find UI name for plugin named Contour plate
ERROR:  18.06.2023 11:04:43 Could not find UI name for plugin named Contour plate
ERROR:  18.06.2023 11:04:43 Could not find UI name for plugin named Contour plate
ERROR:  18.06.2023 11:04:43 Could not find UI name for plugin named Contour plate
ERROR:  18.06.2023 11:04:43 Could not find UI name for plugin named Contour plate
ERROR:  18.06.2023 11:04:43 Could not find UI name for plugin named Contour plate
ERROR:  18.06.2023 11:04:43 Could not find UI name for plugin named Contour plate
ERROR:  18.06.2023 11:04:43 Could not find UI name for plugin named Contour plate
ERROR:  18.06.2023 11:04:43 Could not find UI name for plugin named Contour plate
ERROR:  18.06.2023 11:04:43 Could not find UI name for plugin named Contour plate
ERROR:  18.06.2023 11:04:43 Could not find UI name for plugin named Contour plate
ERROR:  18.06.2023 11:04:43 Could not find UI name for plugin named Contour plate
ERROR:  18.06.2023 11:04:43 Could not find UI name for plugin named Contour plate
ERROR:  18.06.2023 11:04:43 Could not find UI name for plugin named Contour plate
ERROR:  18.06.2023 11:23:59 Could not find UI name for plugin named Contour plate
ERROR:  18.06.2023 11:23:59 Could not find UI name for plugin named Contour plate
ERROR:  18.06.2023 11:23:59 Could not find UI name for plugin named Contour plate
ERROR:  18.06.2023 11:24:02 Could not find UI name for plugin named Contour plate
ERROR:  18.06.2023 11:24:03 Could not find UI name for plugin named Contour plate
ERROR:  18.06.2023 11:24:05 Could not find UI name for plugin named Contour plate
ERROR:  18.06.2023 11:24:11 Could not find UI name for plugin named Contour plate
ERROR:  18.06.2023 11:24:11 Could not find UI name for plugin named Contour plate
ERROR:  18.06.2023 11:24:11 Could not find UI name for plugin named Contour plate
ERROR:  18.06.2023 11:24:11 Could not find UI name for plugin named Contour plate
ERROR:  18.06.2023 11:24:11 Could not find UI name for plugin named Contour plate
ERROR:  18.06.2023 11:24:11 Could not find UI name for plugin named Contour plate
ERROR:  18.06.2023 11:24:11 Could not find UI name for plugin named Contour plate
ERROR:  18.06.2023 11:24:11 Could not find UI name for plugin named Contour plate
ERROR:  18.06.2023 11:24:11 Could not find UI name for plugin named Contour plate
ERROR:  18.06.2023 11:24:11 Could not find UI name for plugin named Contour plate
ERROR:  18.06.2023 11:24:11 Could not find UI name for plugin named Contour plate
ERROR:  18.06.2023 11:24:11 Could not find UI name for plugin named Contour plate
ERROR:  18.06.2023 11:24:11 Could not find UI name for plugin named Contour plate
ERROR:  18.06.2023 11:24:11 Could not find UI name for plugin named Contour plate
ERROR:  18.06.2023 11:24:11 Could not find UI name for plugin named Contour plate
ERROR:  18.06.2023 11:24:11 Could not find UI name for plugin named Contour plate
ERROR:  18.06.2023 11:24:11 Could not find UI name for plugin named Contour plate
ERROR:  18.06.2023 11:24:11 Could not find UI name for plugin named Contour plate
ERROR:  18.06.2023 11:24:11 Could not find UI name for plugin named Contour plate
ERROR:  18.06.2023 11:24:11 Could not find UI name for plugin named Contour plate
ERROR:  18.06.2023 11:24:11 Could not find UI name for plugin named Contour plate
ERROR:  18.06.2023 11:24:11 Could not find UI name for plugin named Contour plate
ERROR:  18.06.2023 11:24:11 Could not find UI name for plugin named Contour plate
ERROR:  18.06.2023 11:24:11 Could not find UI name for plugin named Contour plate
ERROR:  18.06.2023 11:24:11 Could not find UI name for plugin named Contour plate
ERROR:  18.06.2023 11:24:11 Could not find UI name for plugin named Contour plate
ERROR:  18.06.2023 11:24:11 Could not find UI name for plugin named Contour plate
ERROR:  18.06.2023 11:24:11 Could not find UI name for plugin named Contour plate
ERROR:  18.06.2023 11:24:11 Could not find UI name for plugin named Contour plate
ERROR:  18.06.2023 11:49:56 Could not find UI name for plugin named Welding
ERROR:  18.06.2023 11:57:05 Could not find UI name for plugin named Joint 310000068
ERROR:  18.06.2023 12:01:14 Could not find UI name for plugin named Contour plate
ERROR:  18.06.2023 12:01:14 Could not find UI name for plugin named Contour plate
ERROR:  18.06.2023 12:01:14 Could not find UI name for plugin named Contour plate
ERROR:  18.06.2023 12:01:17 Could not find UI name for plugin named Contour plate
ERROR:  18.06.2023 12:01:17 Could not find UI name for plugin named Contour plate
ERROR:  18.06.2023 12:01:17 Could not find UI name for plugin named Contour plate
ERROR:  18.06.2023 12:01:21 Could not find UI name for plugin named Contour plate
ERROR:  18.06.2023 12:01:21 Could not find UI name for plugin named Contour plate
ERROR:  18.06.2023 12:01:22 Could not find UI name for plugin named Contour plate
ERROR:  18.06.2023 12:01:22 Could not find UI name for plugin named Contour plate
ERROR:  18.06.2023 12:01:22 Could not find UI name for plugin named Contour plate
ERROR:  18.06.2023 12:01:22 Could not find UI name for plugin named Contour plate
ERROR:  18.06.2023 12:01:22 Could not find UI name for plugin named Contour plate
ERROR:  18.06.2023 12:01:22 Could not find UI name for plugin named Contour plate
ERROR:  18.06.2023 12:01:22 Could not find UI name for plugin named Contour plate
ERROR:  18.06.2023 12:01:22 Could not find UI name for plugin named Contour plate
ERROR:  18.06.2023 12:01:22 Could not find UI name for plugin named Contour plate
ERROR:  18.06.2023 12:01:22 Could not find UI name for plugin named Contour plate
ERROR:  18.06.2023 12:01:22 Could not find UI name for plugin named Contour plate
ERROR:  18.06.2023 12:01:22 Could not find UI name for plugin named Contour plate
ERROR:  18.06.2023 12:01:22 Could not find UI name for plugin named Contour plate
ERROR:  18.06.2023 12:01:22 Could not find UI name for plugin named Contour plate
ERROR:  18.06.2023 12:01:22 Could not find UI name for plugin named Contour plate
ERROR:  18.06.2023 12:01:22 Could not find UI name for plugin named Contour plate
ERROR:  18.06.2023 12:01:22 Could not find UI name for plugin named Contour plate
ERROR:  18.06.2023 12:01:22 Could not find UI name for plugin named Contour plate
ERROR:  18.06.2023 12:01:22 Could not find UI name for plugin named Contour plate
ERROR:  18.06.2023 12:01:22 Could not find UI name for plugin named Contour plate
ERROR:  18.06.2023 12:01:22 Could not find UI name for plugin named Contour plate
ERROR:  18.06.2023 12:01:22 Could not find UI name for plugin named Contour plate
ERROR:  18.06.2023 12:01:22 Could not find UI name for plugin named Contour plate
ERROR:  18.06.2023 12:01:22 Could not find UI name for plugin named Contour plate
ERROR:  18.06.2023 12:01:22 Could not find UI name for plugin named Contour plate
ERROR:  18.06.2023 12:01:22 Could not find UI name for plugin named Contour plate
ERROR:  18.06.2023 12:01:22 Could not find UI name for plugin named Contour plate
ERROR:  18.06.2023 12:01:22 Could not find UI name for plugin named Contour plate
ERROR:  18.06.2023 12:01:22 Could not find UI name for plugin named Contour plate
ERROR:  18.06.2023 12:04:06 Could not find UI name for plugin named Bolt
ERROR:  18.06.2023 12:04:08 Could not find UI name for plugin named Bolt
ERROR:  18.06.2023 12:04:08 Could not find UI name for plugin named Bolt
ERROR:  18.06.2023 12:04:08 Could not find UI name for plugin named Bolt
ERROR:  18.06.2023 12:04:09 Could not find UI name for plugin named Bolt
ERROR:  18.06.2023 12:04:13 Could not find UI name for plugin named Bolt
ERROR:  18.06.2023 12:04:44 Could not find UI name for plugin named Bolt
ERROR:  18.06.2023 12:04:44 Could not find UI name for plugin named Bolt
ERROR:  18.06.2023 12:04:44 Could not find UI name for plugin named Bolt
ERROR:  18.06.2023 12:04:46 Could not find UI name for plugin named Bolt
ERROR:  18.06.2023 12:04:48 Could not find UI name for plugin named Bolt
ERROR:  18.06.2023 12:04:48 Could not find UI name for plugin named Bolt
ERROR:  18.06.2023 12:04:48 Could not find UI name for plugin named Bolt
ERROR:  18.06.2023 12:04:57 Could not find UI name for plugin named Bolt
ERROR:  18.06.2023 12:04:57 Could not find UI name for plugin named Bolt
ERROR:  18.06.2023 12:04:57 Could not find UI name for plugin named Bolt
ERROR:  18.06.2023 12:05:15 Could not find UI name for plugin named Bolt
ERROR:  18.06.2023 12:05:15 Could not find UI name for plugin named Bolt
ERROR:  18.06.2023 12:05:16 Could not find UI name for plugin named Bolt
ERROR:  18.06.2023 12:05:17 Could not find UI name for plugin named Bolt
ERROR:  18.06.2023 12:05:17 Could not find UI name for plugin named Bolt
ERROR:  18.06.2023 12:05:17 Could not find UI name for plugin named Bolt
ERROR:  18.06.2023 12:05:18 Could not find UI name for plugin named Bolt
ERROR:  18.06.2023 12:05:19 Could not find UI name for plugin named Bolt
ERROR:  18.06.2023 12:05:19 Could not find UI name for plugin named Bolt
ERROR:  18.06.2023 12:05:19 Could not find UI name for plugin named Bolt
ERROR:  18.06.2023 12:05:28 Could not find UI name for plugin named Bolt
ERROR:  18.06.2023 12:05:28 Could not find UI name for plugin named Bolt
ERROR:  18.06.2023 12:05:29 Could not find UI name for plugin named Bolt
ERROR:  18.06.2023 12:05:29 Could not find UI name for plugin named Bolt
ERROR:  18.06.2023 12:05:31 Could not find UI name for plugin named Bolt
ERROR:  18.06.2023 12:05:31 Could not find UI name for plugin named Bolt
ERROR:  18.06.2023 12:05:32 Could not find UI name for plugin named Bolt
ERROR:  18.06.2023 12:05:32 Could not find UI name for plugin named Bolt
ERROR:  18.06.2023 12:05:33 Could not find UI name for plugin named Bolt
ERROR:  18.06.2023 12:05:33 Could not find UI name for plugin named Bolt
ERROR:  18.06.2023 12:05:34 Could not find UI name for plugin named Bolt
ERROR:  18.06.2023 12:22:28 Could not find UI name for plugin named Contour plate
ERROR:  18.06.2023 12:22:30 Could not find UI name for plugin named Contour plate
ERROR:  18.06.2023 12:22:34 Could not find UI name for plugin named Contour plate
ERROR:  18.06.2023 12:22:35 Could not find UI name for plugin named Contour plate
ERROR:  18.06.2023 12:22:35 Could not find UI name for plugin named Contour plate
ERROR:  18.06.2023 12:22:36 Could not find UI name for plugin named Contour plate
ERROR:  18.06.2023 12:22:36 Could not find UI name for plugin named Contour plate
ERROR:  18.06.2023 12:22:36 Could not find UI name for plugin named Contour plate
ERROR:  18.06.2023 12:22:36 Could not find UI name for plugin named Contour plate
ERROR:  18.06.2023 12:22:36 Could not find UI name for plugin named Contour plate
ERROR:  18.06.2023 12:22:36 Could not find UI name for plugin named Contour plate
ERROR:  18.06.2023 12:22:36 Could not find UI name for plugin named Contour plate
ERROR:  18.06.2023 12:22:36 Could not find UI name for plugin named Contour plate
ERROR:  18.06.2023 12:22:36 Could not find UI name for plugin named Contour plate
ERROR:  18.06.2023 12:22:36 Could not find UI name for plugin named Contour plate
ERROR:  18.06.2023 12:22:36 Could not find UI name for plugin named Contour plate
ERROR:  18.06.2023 12:22:36 Could not find UI name for plugin named Contour plate
ERROR:  18.06.2023 12:22:36 Could not find UI name for plugin named Contour plate
ERROR:  18.06.2023 12:22:36 Could not find UI name for plugin named Contour plate
ERROR:  18.06.2023 12:22:36 Could not find UI name for plugin named Contour plate
ERROR:  18.06.2023 12:22:36 Could not find UI name for plugin named Contour plate
ERROR:  18.06.2023 12:22:36 Could not find UI name for plugin named Contour plate
ERROR:  18.06.2023 12:22:36 Could not find UI name for plugin named Contour plate
ERROR:  18.06.2023 12:22:36 Could not find UI name for plugin named Contour plate
ERROR:  18.06.2023 12:22:36 Could not find UI name for plugin named Contour plate
ERROR:  18.06.2023 12:22:36 Could not find UI name for plugin named Contour plate
ERROR:  18.06.2023 12:22:36 Could not find UI name for plugin named Contour plate
ERROR:  18.06.2023 12:22:36 Could not find UI name for plugin named Contour plate
ERROR:  18.06.2023 12:22:36 Could not find UI name for plugin named Contour plate
ERROR:  18.06.2023 12:22:36 Could not find UI name for plugin named Contour plate
ERROR:  18.06.2023 12:22:36 Could not find UI name for plugin named Contour plate
ERROR:  18.06.2023 12:22:36 Could not find UI name for plugin named Contour plate
ERROR:  18.06.2023 12:22:36 Could not find UI name for plugin named Contour plate
ERROR:  18.06.2023 12:22:36 Could not find UI name for plugin named Contour plate
ERROR:  18.06.2023 12:49:11 Could not find UI name for plugin named Joint 310000068
ERROR:  18.06.2023 13:02:59 Could not find UI name for plugin named Contour plate
ERROR:  18.06.2023 13:02:59 Could not find UI name for plugin named Contour plate
ERROR:  18.06.2023 13:02:59 Could not find UI name for plugin named Contour plate
ERROR:  18.06.2023 13:02:59 Could not find UI name for plugin named Contour plate
ERROR:  18.06.2023 13:02:59 Could not find UI name for plugin named Contour plate
ERROR:  18.06.2023 13:02:59 Could not find UI name for plugin named Contour plate
ERROR:  18.06.2023 13:02:59 Could not find UI name for plugin named Contour plate
ERROR:  18.06.2023 13:02:59 Could not find UI name for plugin named Contour plate
ERROR:  18.06.2023 13:02:59 Could not find UI name for plugin named Contour plate
ERROR:  18.06.2023 13:02:59 Could not find UI name for plugin named Contour plate
ERROR:  18.06.2023 13:02:59 Could not find UI name for plugin named Contour plate
ERROR:  18.06.2023 13:02:59 Could not find UI name for plugin named Contour plate
ERROR:  18.06.2023 13:02:59 Could not find UI name for plugin named Contour plate
ERROR:  18.06.2023 13:02:59 Could not find UI name for plugin named Contour plate
ERROR:  18.06.2023 13:02:59 Could not find UI name for plugin named Contour plate
ERROR:  18.06.2023 13:02:59 Could not find UI name for plugin named Contour plate
ERROR:  18.06.2023 13:02:59 Could not find UI name for plugin named Contour plate
ERROR:  18.06.2023 13:02:59 Could not find UI name for plugin named Contour plate
ERROR:  18.06.2023 13:02:59 Could not find UI name for plugin named Contour plate
ERROR:  18.06.2023 13:02:59 Could not find UI name for plugin named Contour plate
ERROR:  18.06.2023 13:02:59 Could not find UI name for plugin named Contour plate
ERROR:  18.06.2023 13:02:59 Could not find UI name for plugin named Contour plate
ERROR:  18.06.2023 13:02:59 Could not find UI name for plugin named Contour plate
ERROR:  18.06.2023 13:02:59 Could not find UI name for plugin named Contour plate
ERROR:  18.06.2023 13:02:59 Could not find UI name for plugin named Contour plate
ERROR:  18.06.2023 13:02:59 Could not find UI name for plugin named Contour plate
ERROR:  18.06.2023 13:02:59 Could not find UI name for plugin named Contour plate
ERROR:  18.06.2023 13:02:59 Could not find UI name for plugin named Contour plate
ERROR:  18.06.2023 13:02:59 Could not find UI name for plugin named Contour plate
ERROR:  18.06.2023 14:13:47 Could not find UI name for plugin named Beam
ERROR:  18.06.2023 14:57:57 Could not find UI name for plugin named Joint 11
ERROR:  18.06.2023 14:58:07 Could not find UI name for plugin named Joint 101
ERROR:  18.06.2023 14:59:29 Could not find UI name for plugin named Joint 111
ERROR:  18.06.2023 15:01:13 Could not find UI name for plugin named Joint 144
ERROR:  18.06.2023 15:01:17 Could not find UI name for plugin named Joint 144
ERROR:  18.06.2023 15:01:23 Could not find UI name for plugin named Joint 141
ERROR:  18.06.2023 16:18:37 Could not find UI name for plugin named Beam
ERROR:  18.06.2023 16:18:37 Could not find UI name for plugin named Beam
ERROR:  18.06.2023 16:18:37 Could not find UI name for plugin named Beam
ERROR:  18.06.2023 16:18:37 Could not find UI name for plugin named Beam
ERROR:  18.06.2023 16:18:37 Could not find UI name for plugin named Beam
ERROR:  18.06.2023 16:18:37 Could not find UI name for plugin named Beam
ERROR:  18.06.2023 16:18:37 Could not find UI name for plugin named Beam
ERROR:  18.06.2023 16:18:37 Could not find UI name for plugin named Beam
ERROR:  18.06.2023 16:18:37 Could not find UI name for plugin named Beam
ERROR:  18.06.2023 16:18:37 Could not find UI name for plugin named Beam
ERROR:  18.06.2023 16:18:37 Could not find UI name for plugin named Beam
ERROR:  18.06.2023 16:18:37 Could not find UI name for plugin named Beam
ERROR:  18.06.2023 16:18:37 Could not find UI name for plugin named Beam
ERROR:  18.06.2023 16:18:37 Could not find UI name for plugin named Beam
ERROR:  18.06.2023 16:18:37 Could not find UI name for plugin named Beam
ERROR:  18.06.2023 16:18:37 Could not find UI name for plugin named Beam
ERROR:  18.06.2023 16:18:37 Could not find UI name for plugin named Beam
ERROR:  18.06.2023 16:18:37 Could not find UI name for plugin named Beam
ERROR:  18.06.2023 16:18:37 Could not find UI name for plugin named Beam
ERROR:  18.06.2023 16:18:37 Could not find UI name for plugin named Beam
ERROR:  18.06.2023 16:18:37 Could not find UI name for plugin named Beam
ERROR:  18.06.2023 16:18:37 Could not find UI name for plugin named Beam
ERROR:  18.06.2023 16:18:37 Could not find UI name for plugin named Beam
ERROR:  18.06.2023 16:18:37 Could not find UI name for plugin named Beam
ERROR:  18.06.2023 16:18:37 Could not find UI name for plugin named Beam
ERROR:  18.06.2023 16:18:37 Could not find UI name for plugin named Beam
ERROR:  18.06.2023 16:18:37 Could not find UI name for plugin named Beam
ERROR:  18.06.2023 16:18:37 Could not find UI name for plugin named Beam
ERROR:  18.06.2023 16:18:37 Could not find UI name for plugin named Beam
ERROR:  18.06.2023 16:18:37 Could not find UI name for plugin named Beam
ERROR:  18.06.2023 16:18:37 Could not find UI name for plugin named Beam
ERROR:  18.06.2023 16:33:50 Could not find UI name for plugin named Beam
ERROR:  18.06.2023 16:33:53 Could not find UI name for plugin named Beam
ERROR:  18.06.2023 16:33:53 Could not find UI name for plugin named Beam
ERROR:  18.06.2023 16:33:56 Could not find UI name for plugin named Beam
ERROR:  18.06.2023 16:34:00 Could not find UI name for plugin named Beam
ERROR:  18.06.2023 16:34:00 Could not find UI name for plugin named Beam
ERROR:  18.06.2023 16:34:21 Could not find UI name for plugin named Beam
ERROR:  18.06.2023 16:42:27 Could not find UI name for plugin named Beam
ERROR:  18.06.2023 17:28:59 Could not find UI name for plugin named Beam
ERROR:  19.06.2023 09:30:57 Could not find UI name for plugin named Beam
ERROR:  19.06.2023 09:31:38 Could not find UI name for plugin named Beam
ERROR:  19.06.2023 09:40:37 Could not find UI name for plugin named Beam
ERROR:  19.06.2023 09:40:37 Could not find UI name for plugin named Beam
ERROR:  19.06.2023 09:40:37 Could not find UI name for plugin named Beam
ERROR:  19.06.2023 09:40:37 Could not find UI name for plugin named Beam
ERROR:  19.06.2023 09:40:37 Could not find UI name for plugin named Beam
ERROR:  19.06.2023 09:40:37 Could not find UI name for plugin named Beam
ERROR:  19.06.2023 09:40:37 Could not find UI name for plugin named Beam
ERROR:  19.06.2023 09:40:37 Could not find UI name for plugin named Beam
ERROR:  19.06.2023 09:40:37 Could not find UI name for plugin named Beam
ERROR:  19.06.2023 09:40:37 Could not find UI name for plugin named Beam
ERROR:  19.06.2023 09:40:37 Could not find UI name for plugin named Beam
ERROR:  19.06.2023 09:40:37 Could not find UI name for plugin named Beam
ERROR:  19.06.2023 09:40:37 Could not find UI name for plugin named Beam
ERROR:  19.06.2023 09:40:37 Could not find UI name for plugin named Beam
ERROR:  19.06.2023 09:40:37 Could not find UI name for plugin named Beam
ERROR:  19.06.2023 09:40:37 Could not find UI name for plugin named Beam
ERROR:  19.06.2023 09:40:37 Could not find UI name for plugin named Beam
ERROR:  19.06.2023 09:40:37 Could not find UI name for plugin named Beam
ERROR:  19.06.2023 09:40:37 Could not find UI name for plugin named Beam
ERROR:  19.06.2023 09:40:37 Could not find UI name for plugin named Beam
ERROR:  19.06.2023 09:40:37 Could not find UI name for plugin named Beam
ERROR:  19.06.2023 09:40:37 Could not find UI name for plugin named Beam
ERROR:  19.06.2023 09:40:37 Could not find UI name for plugin named Beam
ERROR:  19.06.2023 09:40:37 Could not find UI name for plugin named Beam
ERROR:  19.06.2023 09:40:37 Could not find UI name for plugin named Beam
ERROR:  19.06.2023 09:40:37 Could not find UI name for plugin named Beam
ERROR:  19.06.2023 09:40:37 Could not find UI name for plugin named Beam
ERROR:  19.06.2023 09:40:37 Could not find UI name for plugin named Beam
ERROR:  19.06.2023 09:40:37 Could not find UI name for plugin named Beam
ERROR:  19.06.2023 09:40:37 Could not find UI name for plugin named Beam
ERROR:  19.06.2023 09:40:37 Could not find UI name for plugin named Beam
ERROR:  19.06.2023 09:42:08 Could not find UI name for plugin named Beam
ERROR:  19.06.2023 09:45:25 Could not find UI name for plugin named Joint 11
ERROR:  19.06.2023 10:01:11 Could not find UI name for plugin named Joint 310000024
ERROR:  19.06.2023 10:01:25 Could not find UI name for plugin named Joint 60
ERROR:  19.06.2023 10:01:49 Could not find UI name for plugin named Joint 11
ERROR:  19.06.2023 10:01:56 Could not find UI name for plugin named Joint 11
ERROR:  19.06.2023 10:02:12 Could not find UI name for plugin named Joint 11
ERROR:  19.06.2023 10:02:33 Could not find UI name for plugin named Joint 11
ERROR:  19.06.2023 10:11:51 Could not find UI name for plugin named Joint 11
ERROR:  19.06.2023 10:17:56 Could not find UI name for plugin named Joint 11
ERROR:  19.06.2023 10:18:13 Could not find UI name for plugin named Joint 11
ERROR:  19.06.2023 10:19:19 Could not find UI name for plugin named Joint 11
ERROR:  19.06.2023 10:19:32 Could not find UI name for plugin named Joint 11
ERROR:  19.06.2023 10:23:29 Could not find UI name for plugin named Joint 11
ERROR:  19.06.2023 10:27:48 Could not find UI name for plugin named Joint 11
ERROR:  19.06.2023 11:03:58 Could not find UI name for plugin named Joint 11
ERROR:  19.06.2023 11:08:02 Could not find UI name for plugin named Joint 11
ERROR:  19.06.2023 11:30:28 Could not find UI name for plugin named Bolted gusset
ERROR:  19.06.2023 11:30:28 Could not find UI name for plugin named Bolted gusset
ERROR:  19.06.2023 11:30:28 Could not find UI name for plugin named Bolted gusset
ERROR:  19.06.2023 11:49:09 Could not find UI name for plugin named Joint 11
ERROR:  19.06.2023 11:49:40 Could not find UI name for plugin named Joint 11
ERROR:  19.06.2023 11:52:46 Could not find UI name for plugin named Joint 11
ERROR:  19.06.2023 11:56:47 Failed to modify selected parametric component
ERROR:  19.06.2023 11:57:39 Could not find UI name for plugin named Joint 11
ERROR:  19.06.2023 11:57:59 Could not find UI name for plugin named Joint 11
ERROR:  19.06.2023 11:58:51 Could not find UI name for plugin named Joint 11
ERROR:  19.06.2023 11:59:26 Could not find UI name for plugin named Joint 11
ERROR:  19.06.2023 11:59:40 Could not find UI name for plugin named Bolted gusset
ERROR:  19.06.2023 11:59:40 Could not find UI name for plugin named Bolted gusset
ERROR:  19.06.2023 11:59:40 Could not find UI name for plugin named Bolted gusset
ERROR:  19.06.2023 11:59:40 Could not find UI name for plugin named Bolted gusset
ERROR:  19.06.2023 11:59:40 Could not find UI name for plugin named Bolted gusset
ERROR:  19.06.2023 11:59:40 Could not find UI name for plugin named Bolted gusset
ERROR:  19.06.2023 12:01:18 Could not find UI name for plugin named Joint 11
ERROR:  19.06.2023 12:02:50 Could not find UI name for plugin named Joint 11
ERROR:  19.06.2023 12:03:11 Could not find UI name for plugin named Joint 11
ERROR:  19.06.2023 12:15:15 Could not find UI name for plugin named Joint 310000035
ERROR:  19.06.2023 12:31:36 Could not find UI name for plugin named Shear Pl Simple
ERROR:  19.06.2023 12:31:36 Could not find UI name for plugin named Shear Pl Simple
ERROR:  19.06.2023 12:31:36 Could not find UI name for plugin named Shear Pl Simple
ERROR:  19.06.2023 12:31:37 Could not find UI name for plugin named Shear Pl Simple
ERROR:  19.06.2023 12:31:37 Could not find UI name for plugin named Shear Pl Simple
ERROR:  19.06.2023 12:31:37 Could not find UI name for plugin named Shear Pl Simple
ERROR:  19.06.2023 12:31:37 Could not find UI name for plugin named Shear Pl Simple
ERROR:  19.06.2023 12:31:37 Could not find UI name for plugin named Shear Pl Simple
ERROR:  19.06.2023 12:31:37 Could not find UI name for plugin named Shear Pl Simple
ERROR:  19.06.2023 12:31:37 Could not find UI name for plugin named Shear Pl Simple
ERROR:  19.06.2023 12:31:37 Could not find UI name for plugin named Shear Pl Simple
ERROR:  19.06.2023 12:31:37 Could not find UI name for plugin named Shear Pl Simple
ERROR:  19.06.2023 12:31:37 Could not find UI name for plugin named Shear Pl Simple
ERROR:  19.06.2023 12:31:37 Could not find UI name for plugin named Shear Pl Simple
ERROR:  19.06.2023 12:31:37 Could not find UI name for plugin named Shear Pl Simple
ERROR:  19.06.2023 12:31:38 Could not find UI name for plugin named Shear Pl Simple
ERROR:  19.06.2023 12:31:38 Could not find UI name for plugin named Shear Pl Simple
ERROR:  19.06.2023 12:31:38 Could not find UI name for plugin named Shear Pl Simple
ERROR:  19.06.2023 12:31:40 Could not find UI name for plugin named Shear Pl Simple
ERROR:  19.06.2023 12:31:40 Could not find UI name for plugin named Shear Pl Simple
ERROR:  19.06.2023 12:31:40 Could not find UI name for plugin named Shear Pl Simple
ERROR:  19.06.2023 12:31:41 Could not find UI name for plugin named Shear Pl Simple
ERROR:  19.06.2023 12:31:41 Could not find UI name for plugin named Shear Pl Simple
ERROR:  19.06.2023 12:31:41 Could not find UI name for plugin named Shear Pl Simple
ERROR:  19.06.2023 12:31:45 Could not find UI name for plugin named Joint 310000035
ERROR:  19.06.2023 12:32:23 Could not find UI name for plugin named Joint 310000035
ERROR:  19.06.2023 12:32:54 Could not find UI name for plugin named Joint 310000035
ERROR:  19.06.2023 14:23:09 Could not find UI name for plugin named Joint 310000035
ERROR:  19.06.2023 14:25:11 Could not find UI name for plugin named Joint 310000035
ERROR:  19.06.2023 14:26:43 Could not find UI name for plugin named Joint 310000035
ERROR:  19.06.2023 14:27:22 Could not find UI name for plugin named Joint 310000035
ERROR:  19.06.2023 14:29:30 Could not find UI name for plugin named Joint 101
ERROR:  19.06.2023 14:31:55 Could not find UI name for plugin named Joint 101
ERROR:  19.06.2023 14:33:35 Could not find UI name for plugin named Joint 101
ERROR:  19.06.2023 14:34:30 Could not find UI name for plugin named Joint 101
ERROR:  19.06.2023 14:36:51 Could not find UI name for plugin named Joint 310000035
ERROR:  19.06.2023 14:37:21 Could not find UI name for plugin named Shear Pl Simple
ERROR:  19.06.2023 14:37:21 Could not find UI name for plugin named Shear Pl Simple
ERROR:  19.06.2023 14:37:21 Could not find UI name for plugin named Shear Pl Simple
ERROR:  19.06.2023 14:37:22 Could not find UI name for plugin named Shear Pl Simple
ERROR:  19.06.2023 14:37:22 Could not find UI name for plugin named Shear Pl Simple
ERROR:  19.06.2023 14:37:22 Could not find UI name for plugin named Shear Pl Simple
ERROR:  19.06.2023 14:49:07 Could not find UI name for plugin named Joint 310000035
ERROR:  19.06.2023 14:51:27 Could not find UI name for plugin named Joint 310000035
ERROR:  19.06.2023 14:55:00 Could not find UI name for plugin named Joint 310000035
ERROR:  19.06.2023 14:57:11 Could not find UI name for plugin named Joint 310000035
ERROR:  19.06.2023 14:57:49 Could not find UI name for plugin named Joint 310000035
ERROR:  19.06.2023 14:58:07 Could not find UI name for plugin named Joint 310000035
ERROR:  19.06.2023 15:07:01 Could not find UI name for plugin named Joint 310000035
ERROR:  19.06.2023 15:10:57 Could not find UI name for plugin named Shear Pl Simple
ERROR:  19.06.2023 15:10:57 Could not find UI name for plugin named Shear Pl Simple
ERROR:  19.06.2023 15:10:57 Could not find UI name for plugin named Shear Pl Simple
ERROR:  19.06.2023 15:33:02 Could not find UI name for plugin named Shear Pl Simple
ERROR:  19.06.2023 15:33:02 Could not find UI name for plugin named Shear Pl Simple
ERROR:  19.06.2023 15:33:02 Could not find UI name for plugin named Shear Pl Simple
ERROR:  19.06.2023 15:33:04 Could not find UI name for plugin named Shear Pl Simple
ERROR:  19.06.2023 15:33:04 Could not find UI name for plugin named Shear Pl Simple
ERROR:  19.06.2023 15:33:04 Could not find UI name for plugin named Shear Pl Simple
ERROR:  19.06.2023 15:33:05 Could not find UI name for plugin named Shear Pl Simple
ERROR:  19.06.2023 15:33:05 Could not find UI name for plugin named Shear Pl Simple
ERROR:  19.06.2023 15:33:05 Could not find UI name for plugin named Shear Pl Simple
ERROR:  19.06.2023 15:33:05 Could not find UI name for plugin named Shear Pl Simple
ERROR:  19.06.2023 15:33:05 Could not find UI name for plugin named Shear Pl Simple
ERROR:  19.06.2023 15:33:05 Could not find UI name for plugin named Shear Pl Simple
ERROR:  19.06.2023 15:33:13 Could not find UI name for plugin named Joint 310000035
ERROR:  19.06.2023 15:34:22 Could not find UI name for plugin named Joint 310000035
ERROR:  19.06.2023 15:37:34 Could not find UI name for plugin named Joint 310000035
ERROR:  19.06.2023 15:38:02 Could not find UI name for plugin named Joint 310000035
ERROR:  19.06.2023 15:41:59 Could not find UI name for plugin named Joint 310000035
ERROR:  19.06.2023 15:45:13 Could not find UI name for plugin named Joint 310000035
ERROR:  19.06.2023 15:46:08 Could not find UI name for plugin named Joint 101
ERROR:  19.06.2023 15:57:12 Could not find UI name for plugin named End plate
ERROR:  19.06.2023 15:57:12 Could not find UI name for plugin named End plate
ERROR:  19.06.2023 15:57:12 Could not find UI name for plugin named End plate
ERROR:  19.06.2023 15:59:48 Could not find UI name for plugin named End plate
ERROR:  19.06.2023 15:59:48 Could not find UI name for plugin named End plate
ERROR:  19.06.2023 15:59:48 Could not find UI name for plugin named End plate
ERROR:  19.06.2023 16:19:32 Could not find UI name for plugin named Joint 310000032
ERROR:  19.06.2023 16:19:44 Could not find UI name for plugin named Joint 146
ERROR:  19.06.2023 16:22:10 Could not find UI name for plugin named Joint 146
ERROR:  19.06.2023 16:22:20 Could not find UI name for plugin named Joint 146
ERROR:  19.06.2023 16:22:32 Could not find UI name for plugin named Joint 146
ERROR:  19.06.2023 16:23:50 Could not find UI name for plugin named Joint 146
ERROR:  19.06.2023 16:24:00 Could not find UI name for plugin named Joint 146
ERROR:  19.06.2023 16:24:10 Could not find UI name for plugin named Joint 146
ERROR:  19.06.2023 16:24:19 Could not find UI name for plugin named Joint 146
ERROR:  19.06.2023 16:24:32 Could not find UI name for plugin named Joint 146
ERROR:  19.06.2023 16:24:41 Could not find UI name for plugin named Joint 146
ERROR:  19.06.2023 16:24:42 Could not find UI name for plugin named Joint 146
ERROR:  19.06.2023 16:24:53 Could not find UI name for plugin named Joint 146
ERROR:  19.06.2023 16:24:58 Could not find UI name for plugin named Joint 146
ERROR:  19.06.2023 16:25:01 Could not find UI name for plugin named Joint 146
ERROR:  19.06.2023 16:26:34 Could not find UI name for plugin named Joint 146
ERROR:  19.06.2023 16:27:51 Could not find UI name for plugin named Joint 146
ERROR:  19.06.2023 16:33:39 Could not find UI name for plugin named Joint 310000035
ERROR:  19.06.2023 16:40:03 Could not find UI name for plugin named Joint 310000035
ERROR:  19.06.2023 16:41:33 Could not find UI name for plugin named Joint 310000035
ERROR:  19.06.2023 16:43:06 Could not find UI name for plugin named Joint 310000035
ERROR:  19.06.2023 16:52:20 Failed to modify selected parametric component
